Log file open, 02/13/19 13:47:27
LogWindows: Failed to load 'aqProf.dll' (GetLastError=126)
LogWindows: File 'aqProf.dll' does not exist
LogWindows: Failed to load 'VSPerf140.dll' (GetLastError=126)
LogWindows: File 'VSPerf140.dll' does not exist
LogWindows: Failed to load 'VtuneApi.dll' (GetLastError=126)
LogWindows: File 'VtuneApi.dll' does not exist
LogWindows: Failed to load 'VtuneApi32e.dll' (GetLastError=126)
LogWindows: File 'VtuneApi32e.dll' does not exist
LogInit: Display: Running engine for game: DDR_WBlockMaterial
LogPlatformFile: Not using cached read wrapper
LogTaskGraph: Started task graph with 5 named threads and 35 total threads with 3 sets of task threads.
LogStats: Stats thread started at 0.407357
LogD3D11RHI: Loaded GFSDK_Aftermath_Lib.x64.dll
LogICUInternationalization: Display: ICU TimeZone Detection - Raw Offset: -7:00, Platform Override: ''
LogPluginManager: Mounting plugin Paper2D
LogPluginManager: Mounting plugin AISupport
LogPluginManager: Mounting plugin LightPropagationVolume
LogPluginManager: Mounting plugin CLionSourceCodeAccess
LogPluginManager: Mounting plugin CodeLiteSourceCodeAccess
LogPluginManager: Mounting plugin GitSourceControl
LogPluginManager: Mounting plugin KDevelopSourceCodeAccess
LogPluginManager: Mounting plugin NullSourceCodeAccess
LogPluginManager: Mounting plugin PerforceSourceControl
LogPluginManager: Mounting plugin SubversionSourceControl
LogPluginManager: Mounting plugin UObjectPlugin
LogPluginManager: Mounting plugin VisualStudioCodeSourceCodeAccess
LogPluginManager: Mounting plugin VisualStudioSourceCodeAccess
LogPluginManager: Mounting plugin XCodeSourceCodeAccess
LogPluginManager: Mounting plugin AssetManagerEditor
LogPluginManager: Mounting plugin CryptoKeys
LogPluginManager: Mounting plugin DataValidation
LogPluginManager: Mounting plugin FacialAnimation
LogPluginManager: Mounting plugin GameplayTagsEditor
LogPluginManager: Mounting plugin MacGraphicsSwitching
LogPluginManager: Mounting plugin MeshEditor
LogPluginManager: Mounting plugin MobileLauncherProfileWizard
LogPluginManager: Mounting plugin PluginBrowser
LogPluginManager: Mounting plugin SpeedTreeImporter
LogPluginManager: Mounting plugin DatasmithContent
LogPluginManager: Mounting plugin AlembicImporter
LogPluginManager: Mounting plugin AppleImageUtils
LogPluginManager: Mounting plugin AppleVision
LogPluginManager: Mounting plugin BackChannel
LogPluginManager: Mounting plugin CharacterAI
LogPluginManager: Mounting plugin GeometryCache
LogPluginManager: Mounting plugin HTML5Networking
LogPluginManager: Mounting plugin ProxyLODPlugin
LogPluginManager: Mounting plugin MagicLeap
LogPluginManager: Mounting plugin MagicLeapEmulator
LogPluginManager: Mounting plugin MagicLeapMedia
LogPluginManager: Mounting plugin AndroidMedia
LogPluginManager: Mounting plugin AvfMedia
LogPluginManager: Mounting plugin ImgMedia
LogPluginManager: Mounting plugin LinearTimecode
LogPluginManager: Mounting plugin MediaCompositing
LogPluginManager: Mounting plugin MediaPlayerEditor
LogPluginManager: Mounting plugin WmfMedia
LogPluginManager: Mounting plugin TcpMessaging
LogPluginManager: Mounting plugin UdpMessaging
LogPluginManager: Mounting plugin ActorSequence
LogPluginManager: Mounting plugin LevelSequenceEditor
LogPluginManager: Mounting plugin MatineeToLevelSequence
LogPluginManager: Mounting plugin NetcodeUnitTest
LogPluginManager: Mounting plugin NUTUnrealEngine4
LogPluginManager: Mounting plugin OnlineSubsystemGooglePlay
LogPluginManager: Mounting plugin OnlineSubsystemIOS
LogPluginManager: Mounting plugin OnlineSubsystem
LogPluginManager: Mounting plugin OnlineSubsystemNull
LogPluginManager: Mounting plugin OnlineSubsystemUtils
LogPluginManager: Mounting plugin LauncherChunkInstaller
LogPluginManager: Mounting plugin AndroidDeviceProfileSelector
LogPluginManager: Mounting plugin AndroidMoviePlayer
LogPluginManager: Mounting plugin AndroidPermission
LogPluginManager: Mounting plugin AppleMoviePlayer
LogPluginManager: Mounting plugin ArchVisCharacter
LogPluginManager: Mounting plugin AudioCapture
LogPluginManager: Mounting plugin CableComponent
LogPluginManager: Mounting plugin CustomMeshComponent
LogPluginManager: Mounting plugin EditableMesh
LogPluginManager: Mounting plugin ExampleDeviceProfileSelector
LogPluginManager: Mounting plugin GoogleCloudMessaging
LogPluginManager: Mounting plugin ImmediatePhysics
LogPluginManager: Mounting plugin IOSDeviceProfileSelector
LogPluginManager: Mounting plugin LinuxDeviceProfileSelector
LogPluginManager: Mounting plugin LocationServicesBPLibrary
LogPluginManager: Mounting plugin MobilePatchingUtils
LogPluginManager: Mounting plugin OculusVR
LogPluginManager: Plugin shader directory ../../../Engine/Plugins/Runtime/Oculus/OculusVR/Shaders found
LogPluginManager: Mapping shader source directory ../../../Engine/Plugins/Runtime/Oculus/OculusVR/Shaders to virtual directory /Plugin/OculusVR
LogPluginManager: Mounting plugin PhysXVehicles
LogPluginManager: Mounting plugin ProceduralMeshComponent
LogPluginManager: Mounting plugin RuntimePhysXCooking
LogPluginManager: Mounting plugin SteamVR
LogPluginManager: Mounting plugin WindowsMoviePlayer
LogStreaming: Display: Took  0.137s to configure plugins.
LogInit: Using libcurl 7.55.1-DEV
LogInit:  - built for x86_64-pc-win32
LogInit:  - supports SSL with OpenSSL/1.0.2h
LogInit:  - supports HTTP deflate (compression) using libz 1.2.8
LogInit:  - other features:
LogInit:      CURL_VERSION_SSL
LogInit:      CURL_VERSION_LIBZ
LogInit:      CURL_VERSION_IPV6
LogInit:      CURL_VERSION_ASYNCHDNS
LogInit:      CURL_VERSION_LARGEFILE
LogInit:      CURL_VERSION_IDN
LogInit:  CurlRequestOptions (configurable via config and command line):
LogInit:  - bVerifyPeer = false  - Libcurl will NOT verify peer certificate
LogInit:  - bUseHttpProxy = false  - Libcurl will NOT use HTTP proxy
LogInit:  - bDontReuseConnections = false  - Libcurl will reuse connections
LogInit:  - CertBundlePath = nullptr  - Libcurl will use whatever was configured at build time.
LogInit:  - MaxHostConnections = 16  - Libcurl will limit the number of connections to a host
LogInit:  - LocalHostAddr = Default
LogInit:  - BufferSize = 65536
LogInit: WinSock: version 1.1 (2.2), MaxSocks=32767, MaxUdp=65467
LogInit: Build: ++UE4+Release-4.20-CL-4369336
LogInit: Engine Version: 4.20.3-4369336+++UE4+Release-4.20
LogInit: Compatible Engine Version: 4.20.0-4212847+++UE4+Release-4.20
LogInit: Net CL: 4212847
LogInit: OS: Windows 10 (), CPU: Intel(R) Core(TM) i7-8750H CPU @ 2.20GHz, GPU: Intel(R) UHD Graphics 630
LogInit: Compiled (64-bit): Sep 17 2018 12:26:19
LogInit: Compiled with Visual C++: 19.13.26129.00
LogInit: Build Configuration: Development
LogInit: Branch Name: ++UE4+Release-4.20
LogInit: Command Line:  
LogInit: Base Directory: D:/UE_4.20/Engine/Binaries/Win64/
LogInit: Installed Engine Build: 1
LogDevObjectVersion: Number of dev versions registered: 20
LogDevObjectVersion:   Dev-Blueprints (B0D832E4-1F89-4F0D-ACCF-7EB736FD4AA2): 10
LogDevObjectVersion:   Dev-Build (E1C64328-A22C-4D53-A36C-8E866417BD8C): 0
LogDevObjectVersion:   Dev-Core (375EC13C-06E4-48FB-B500-84F0262A717E): 2
LogDevObjectVersion:   Dev-Editor (E4B068ED-F494-42E9-A231-DA0B2E46BB41): 24
LogDevObjectVersion:   Dev-Framework (CFFC743F-43B0-4480-9391-14DF171D2073): 34
LogDevObjectVersion:   Dev-Mobile (B02B49B5-BB20-44E9-A304-32B752E40360): 2
LogDevObjectVersion:   Dev-Networking (A4E4105C-59A1-49B5-A7C5-40C4547EDFEE): 0
LogDevObjectVersion:   Dev-Online (39C831C9-5AE6-47DC-9A44-9C173E1C8E7C): 0
LogDevObjectVersion:   Dev-Physics (78F01B33-EBEA-4F98-B9B4-84EACCB95AA2): 0
LogDevObjectVersion:   Dev-Platform (6631380F-2D4D-43E0-8009-CF276956A95A): 0
LogDevObjectVersion:   Dev-Rendering (12F88B9F-8875-4AFC-A67C-D90C383ABD29): 26
LogDevObjectVersion:   Dev-Sequencer (7B5AE74C-D270-4C10-A958-57980B212A5A): 9
LogDevObjectVersion:   Dev-VR (D7296918-1DD6-4BDD-9DE2-64A83CC13884): 2
LogDevObjectVersion:   Dev-LoadTimes (C2A15278-BFE7-4AFE-6C17-90FF531DF755): 1
LogDevObjectVersion:   Private-Geometry (6EACA3D4-40EC-4CC1-B786-8BED09428FC5): 3
LogDevObjectVersion:   Dev-AnimPhys (29E575DD-E0A3-4627-9D10-D276232CDCEA): 17
LogDevObjectVersion:   Dev-ReflectionCapture (6B266CEC-1EC7-4B8F-A30B-E4D90942FC07): 1
LogDevObjectVersion:   Dev-Automation (0DF73D61-A23F-47EA-B727-89E90C41499A): 1
LogDevObjectVersion:   FortniteMain (601D1886-AC64-4F84-AA16-D3DE0DEAC7D6): 12
LogDevObjectVersion:   Dev-Enterprise (9DFFBCD6-494F-0158-E221-12823C92A888): 1
LogStreaming: Display: Took  0.000s to delete old logs.
LogInit: Presizing for max 8388607 objects, including 0 objects not considered by GC, pre-allocating 0 bytes for permanent pool.
LogInit: Object subsystem initialized
[2019.02.13-20.47.28:205][  0]LogInit: Selected Device Profile: [Windows]
[2019.02.13-20.47.28:205][  0]LogInit: Applying CVar settings loaded from the selected device profile: [Windows]
[2019.02.13-20.47.28:222][  0]LogHAL: Display: Platform has ~ 16 GB [17015635968 / 17179869184 / 16], which maps to Larger [LargestMinGB=32, LargerMinGB=12, DefaultMinGB=8, SmallerMinGB=6, SmallestMinGB=0)
[2019.02.13-20.47.28:222][  0]LogInit: Setting Device Profile CVar: [[r.Vulkan.UseRealUBs:1]]
[2019.02.13-20.47.28:222][  0]LogInit: Going up to parent DeviceProfile []
[2019.02.13-20.47.28:222][  0]LogInit: Computer: MSI
[2019.02.13-20.47.28:222][  0]LogInit: User: Dubarr
[2019.02.13-20.47.28:222][  0]LogInit: CPU Page size=4096, Cores=6
[2019.02.13-20.47.28:222][  0]LogInit: High frequency timer resolution =2.156249 MHz
[2019.02.13-20.47.28:222][  0]LogMemory: Memory total: Physical=15.8GB (16GB approx)
[2019.02.13-20.47.28:223][  0]LogMemory: Platform Memory Stats for Windows
[2019.02.13-20.47.28:223][  0]LogMemory: Process Physical Memory: 101.58 MB used, 101.58 MB peak
[2019.02.13-20.47.28:223][  0]LogMemory: Process Virtual Memory: 86.15 MB used, 86.15 MB peak
[2019.02.13-20.47.28:223][  0]LogMemory: Physical Memory: 7526.84 MB used,  8700.54 MB free, 16227.38 MB total
[2019.02.13-20.47.28:223][  0]LogMemory: Virtual Memory: 4643.26 MB used,  8700.54 MB free, 134217728.00 MB total
[2019.02.13-20.47.28:454][  0]LogInit: Using OS detected language (en-US).
[2019.02.13-20.47.28:454][  0]LogInit: Using OS detected locale (en-US).
[2019.02.13-20.47.28:456][  0]LogTextLocalizationManager: No specific localization for 'en-US' exists, so the 'en' localization will be used.
[2019.02.13-20.47.28:907][  0]LogStreaming: Display: Took  0.453s to InitEngineTextLocalization.
[2019.02.13-20.47.28:908][  0]LogInit: Setting process to per monitor DPI aware
[2019.02.13-20.47.28:945][  0]LogSlate: New Slate User Created.  User Index 0, Is Virtual User: 0
[2019.02.13-20.47.28:945][  0]LogSlate: Slate User Registered.  User Index 0, Is Virtual User: 0
[2019.02.13-20.47.29:217][  0]LogHMD: Failed to initialize OpenVR with code 110
[2019.02.13-20.47.29:217][  0]LogD3D11RHI: D3D11 adapters:
[2019.02.13-20.47.29:316][  0]LogD3D11RHI:    0. 'NVIDIA GeForce GTX 1060' (Feature Level 11_0)
[2019.02.13-20.47.29:316][  0]LogD3D11RHI:       6052/0/8113 MB DedicatedVideo/DedicatedSystem/SharedSystem, Outputs:1, VendorId:0x10de
[2019.02.13-20.47.29:332][  0]LogD3D11RHI:    1. 'Intel(R) UHD Graphics 630' (Feature Level 11_0)
[2019.02.13-20.47.29:332][  0]LogD3D11RHI:       128/0/8113 MB DedicatedVideo/DedicatedSystem/SharedSystem, Outputs:0, VendorId:0x8086
[2019.02.13-20.47.29:334][  0]LogD3D11RHI:    2. 'Microsoft Basic Render Driver' (Feature Level 11_0)
[2019.02.13-20.47.29:334][  0]LogD3D11RHI:       0/0/8113 MB DedicatedVideo/DedicatedSystem/SharedSystem, Outputs:0, VendorId:0x1414
[2019.02.13-20.47.29:334][  0]LogD3D11RHI: Chosen D3D11 Adapter: 0
[2019.02.13-20.47.29:361][  0]LogD3D11RHI: Creating new Direct3DDevice
[2019.02.13-20.47.29:362][  0]LogD3D11RHI:     GPU DeviceId: 0x1c20 (for the marketing name, search the web for "GPU Device Id")
[2019.02.13-20.47.29:362][  0]LogWindows: EnumDisplayDevices:
[2019.02.13-20.47.29:362][  0]LogWindows:    0. 'Intel(R) UHD Graphics 630' (P:1 D:1)
[2019.02.13-20.47.29:362][  0]LogWindows:    1. 'Intel(R) UHD Graphics 630' (P:0 D:0)
[2019.02.13-20.47.29:362][  0]LogWindows:    2. 'Intel(R) UHD Graphics 630' (P:0 D:0)
[2019.02.13-20.47.29:363][  0]LogWindows:    3. 'NVIDIA GeForce GTX 1060' (P:0 D:0)
[2019.02.13-20.47.29:363][  0]LogWindows:    4. 'NVIDIA GeForce GTX 1060' (P:0 D:0)
[2019.02.13-20.47.29:363][  0]LogWindows:    5. 'NVIDIA GeForce GTX 1060' (P:0 D:0)
[2019.02.13-20.47.29:364][  0]LogWindows:    6. 'NVIDIA GeForce GTX 1060' (P:0 D:0)
[2019.02.13-20.47.29:364][  0]LogWindows: DebugString: PrimaryIsNotTheChoosenAdapter PrimaryIsNotTheChoosenAdapter PrimaryIsNotTheChoosenAdapter FoundDriverCount:4 
[2019.02.13-20.47.29:364][  0]LogD3D11RHI:     Adapter Name: NVIDIA GeForce GTX 1060
[2019.02.13-20.47.29:364][  0]LogD3D11RHI:   Driver Version: 418.81 (internal:25.21.14.1881, unified:418.81)
[2019.02.13-20.47.29:364][  0]LogD3D11RHI:      Driver Date: 1-30-2019
[2019.02.13-20.47.29:364][  0]LogRHI: Texture pool is 4236 MB (70% of 6052 MB)
[2019.02.13-20.47.29:410][  0]LogD3D11RHI: Async texture creation enabled
[2019.02.13-20.47.29:439][  0]LogD3D11RHI: GPU Timing Frequency: 1000.000000 (Debug: 2 1)
[2019.02.13-20.47.29:441][  0]LogShaderCompilers: Guid format shader working directory is -22 characters bigger than the processId version (../../../../AssetPipeline_Repos/DR_AssetPipeline/DDR_WBlockMaterial/Intermediate/Shaders/WorkingDirectory/14396/).
[2019.02.13-20.47.29:441][  0]LogShaderCompilers: Cleaned the shader compiler working directory 'C:/Users/debor/AppData/Local/Temp/UnrealShaderWorkingDir/7270236E46E78A1E506CEE94B3EA5362/'.
[2019.02.13-20.47.29:776][  0]LogTemp: Display: Loaded TP AllDesktopTargetPlatform
[2019.02.13-20.47.29:789][  0]LogTemp: Display: Loaded TP MacClientTargetPlatform
[2019.02.13-20.47.29:802][  0]LogTemp: Display: Loaded TP MacNoEditorTargetPlatform
[2019.02.13-20.47.29:816][  0]LogTemp: Display: Loaded TP MacServerTargetPlatform
[2019.02.13-20.47.29:828][  0]LogTemp: Display: Loaded TP MacTargetPlatform
[2019.02.13-20.47.29:845][  0]LogTemp: Display: Loaded TP WindowsClientTargetPlatform
[2019.02.13-20.47.29:857][  0]LogTemp: Display: Loaded TP WindowsNoEditorTargetPlatform
[2019.02.13-20.47.29:868][  0]LogTemp: Display: Loaded TP WindowsServerTargetPlatform
[2019.02.13-20.47.29:874][  0]LogTemp: Display: Loaded TP WindowsTargetPlatform
[2019.02.13-20.47.29:946][  0]LogTemp: Display: Loaded TP AndroidTargetPlatform
[2019.02.13-20.47.29:946][  0]LogTemp: Display: Loaded TP AndroidTargetPlatform
[2019.02.13-20.47.29:946][  0]LogTemp: Display: Loaded TP AndroidTargetPlatform
[2019.02.13-20.47.29:946][  0]LogTemp: Display: Loaded TP AndroidTargetPlatform
[2019.02.13-20.47.29:946][  0]LogTemp: Display: Loaded TP AndroidTargetPlatform
[2019.02.13-20.47.29:946][  0]LogTemp: Display: Loaded TP AndroidTargetPlatform
[2019.02.13-20.47.29:946][  0]LogTemp: Display: Loaded TP AndroidTargetPlatform
[2019.02.13-20.47.29:946][  0]LogTemp: Display: Loaded TP AndroidTargetPlatform
[2019.02.13-20.47.29:946][  0]LogTemp: Display: Loaded TP AndroidTargetPlatform
[2019.02.13-20.47.29:946][  0]LogTemp: Display: Loaded TP AndroidTargetPlatform
[2019.02.13-20.47.29:946][  0]LogTemp: Display: Loaded TP AndroidTargetPlatform
[2019.02.13-20.47.29:946][  0]LogTemp: Display: Loaded TP AndroidTargetPlatform
[2019.02.13-20.47.29:946][  0]LogTemp: Display: Loaded TP AndroidTargetPlatform
[2019.02.13-20.47.29:946][  0]LogTemp: Display: Loaded TP AndroidTargetPlatform
[2019.02.13-20.47.29:946][  0]LogTemp: Display: Loaded TP AndroidTargetPlatform
[2019.02.13-20.47.29:946][  0]LogTemp: Display: Loaded TP AndroidTargetPlatform
[2019.02.13-20.47.29:946][  0]LogTemp: Display: Loaded TP AndroidTargetPlatform
[2019.02.13-20.47.29:946][  0]LogTemp: Display: Loaded TP AndroidTargetPlatform
[2019.02.13-20.47.29:947][  0]LogTemp: Display: Loaded TP HTML5TargetPlatform
[2019.02.13-20.47.30:007][  0]LogTemp: Display: Loaded TP IOSTargetPlatform
[2019.02.13-20.47.30:007][  0]LogTemp: Display: Loaded TP IOSTargetPlatform
[2019.02.13-20.47.30:031][  0]LogTemp: Display: Loaded TP TVOSTargetPlatform
[2019.02.13-20.47.30:031][  0]LogTemp: Display: Loaded TP TVOSTargetPlatform
[2019.02.13-20.47.30:042][  0]LogTemp: Display: Loaded TP LinuxClientTargetPlatform
[2019.02.13-20.47.30:054][  0]LogTemp: Display: Loaded TP LinuxNoEditorTargetPlatform
[2019.02.13-20.47.30:065][  0]LogTemp: Display: Loaded TP LinuxServerTargetPlatform
[2019.02.13-20.47.30:077][  0]LogTemp: Display: Loaded TP LinuxTargetPlatform
[2019.02.13-20.47.30:085][  0]LogTemp: Display: Loaded TP LuminTargetPlatform
[2019.02.13-20.47.30:085][  0]LogTargetPlatformManager: Display: Building Assets For Windows
[2019.02.13-20.47.30:137][  0]LogXGEController: Cleaning working directory: C:/Users/debor/AppData/Local/Temp/UnrealXGEWorkingDir/
[2019.02.13-20.47.30:138][  0]LogXGEController: Cannot use XGE Controller as Incredibuild is not installed on this machine.
[2019.02.13-20.47.30:138][  0]LogShaderCompilers: Cannot use XGE Shader Compiler as Incredibuild is not installed on this machine.
[2019.02.13-20.47.30:138][  0]LogShaderCompilers: Display: Using Local Shader Compiler.
[2019.02.13-20.47.30:829][  0]LogDerivedDataCache: Display: Max Cache Size: 512 MB
[2019.02.13-20.47.30:882][  0]LogDerivedDataCache: Loaded boot cache 0.05s 71MB C:/Users/debor/AppData/Local/UnrealEngine/4.20/DerivedDataCache/Boot.ddc.
[2019.02.13-20.47.30:882][  0]LogDerivedDataCache: Display: Loaded Boot cache: C:/Users/debor/AppData/Local/UnrealEngine/4.20/DerivedDataCache/Boot.ddc
[2019.02.13-20.47.30:882][  0]LogDerivedDataCache: FDerivedDataBackendGraph:  Pak pak cache file ../../../../AssetPipeline_Repos/DR_AssetPipeline/DDR_WBlockMaterial/DerivedDataCache/DDC.ddp not found, will not use a pak cache.
[2019.02.13-20.47.30:882][  0]LogDerivedDataCache: Unable to find inner node Pak for hierarchical cache Hierarchy.
[2019.02.13-20.47.30:882][  0]LogDerivedDataCache: FDerivedDataBackendGraph:  CompressedPak pak cache file ../../../../AssetPipeline_Repos/DR_AssetPipeline/DDR_WBlockMaterial/DerivedDataCache/Compressed.ddp not found, will not use a pak cache.
[2019.02.13-20.47.30:882][  0]LogDerivedDataCache: Unable to find inner node CompressedPak for hierarchical cache Hierarchy.
[2019.02.13-20.47.30:894][  0]LogDerivedDataCache: Display: Pak cache opened for reading ../../../Engine/DerivedDataCache/Compressed.ddp.
[2019.02.13-20.47.30:907][  0]LogDerivedDataCache: Using Local data cache path C:/Users/debor/AppData/Local/UnrealEngine/Common/DerivedDataCache: Writable
[2019.02.13-20.47.30:907][  0]LogDerivedDataCache: Shared data cache path not found in *engine.ini, will not use an Shared cache.
[2019.02.13-20.47.30:907][  0]LogDerivedDataCache: Unable to find inner node Shared for hierarchical cache Hierarchy.
[2019.02.13-20.47.30:923][  0]LogMaterial: Verifying Global Shaders for PCD3D_SM5
[2019.02.13-20.47.30:924][  0]LogSlate: Using FreeType 2.6.0
[2019.02.13-20.47.30:925][  0]LogSlate: SlateFontServices - WITH_FREETYPE: 1, WITH_HARFBUZZ: 1
[2019.02.13-20.47.31:014][  0]LogAssetRegistry: FAssetRegistry took 0.0260 seconds to start up
[2019.02.13-20.47.31:316][  0]LogInit: Selected Device Profile: [Windows]
[2019.02.13-20.47.31:366][  0]LogSimplygon: Simplygon DLL not present - disabling.
[2019.02.13-20.47.31:370][  0]LogMeshReduction: Using SimplygonSwarm for distributed automatic mesh merging
[2019.02.13-20.47.31:370][  0]LogMeshReduction: Using ProxyLODMeshReduction for automatic mesh merging
[2019.02.13-20.47.31:370][  0]LogMeshReduction: Using QuadricMeshReduction for automatic static mesh reduction
[2019.02.13-20.47.31:370][  0]LogMeshReduction: No automatic skeletal mesh reduction module available
[2019.02.13-20.47.31:458][  0]LogNetVersion: DDR_WBlockMaterial 1.0.0, NetCL: 4212847, EngineNetVer: 5, GameNetVer: 0 (Checksum: 1215159079)
[2019.02.13-20.47.32:015][  0]LogPackageLocalizationCache: Processed 11 localized package path(s) for 2 prioritized culture(s) in 0.150912 seconds
[2019.02.13-20.47.32:020][  0]LogUObjectArray: 38425 objects as part of root set at end of initial load.
[2019.02.13-20.47.32:020][  0]LogUObjectAllocator: 6690872 out of 0 bytes used by permanent object pool.
[2019.02.13-20.47.32:020][  0]LogUObjectArray: CloseDisregardForGC: 0/0 objects in disregard for GC pool
[2019.02.13-20.47.32:966][  0]LogTcpMessaging: Initializing TcpMessaging bridge
[2019.02.13-20.47.32:980][  0]LogUdpMessaging: Initializing bridge on interface 0.0.0.0:0 to multicast group 230.0.0.1:6666.
[2019.02.13-20.47.33:113][  0]SourceControl: Source control is disabled
[2019.02.13-20.47.33:113][  0]SourceControl: Source control is disabled
[2019.02.13-20.47.33:115][  0]SourceControl: Source control is disabled
[2019.02.13-20.47.33:116][  0]SourceControl: Source control is disabled
[2019.02.13-20.47.33:272][  0]LogAndroidPermission: UAndroidPermissionCallbackProxy::GetInstance
[2019.02.13-20.47.33:519][  0]LogOcInput: OculusInput pre-init called
[2019.02.13-20.47.33:573][  0]LogEngine: Initializing Engine...
[2019.02.13-20.47.33:574][  0]LogHMD: Failed to initialize OpenVR with code 110
[2019.02.13-20.47.33:575][  0]LogStats: UGameplayTagsManager::ConstructGameplayTagTree: ImportINI prefixes -  0.000 s
[2019.02.13-20.47.33:575][  0]LogStats: UGameplayTagsManager::ConstructGameplayTagTree: Construct from data asset -  0.000 s
[2019.02.13-20.47.33:575][  0]LogStats: UGameplayTagsManager::ConstructGameplayTagTree: ImportINI -  0.000 s
[2019.02.13-20.47.33:575][  0]LogStats: UGameplayTagsManager::ConstructGameplayTagTree: GameplayTagTreeChangedEvent.Broadcast -  0.000 s
[2019.02.13-20.47.33:768][  0]LogInit: Initializing FReadOnlyCVARCache
[2019.02.13-20.47.33:780][  0]LogAIModule: Creating AISystem for world Untitled
[2019.02.13-20.47.33:839][  0]LogInit: XAudio2 using 'Speakers (Realtek(R) Audio)' : 6 channels at 48 kHz using 32 bits per sample (channel mask 0x3f)
[2019.02.13-20.47.33:951][  0]LogInit: FAudioDevice initialized.
[2019.02.13-20.47.33:951][  0]LogNetVersion: Set ProjectVersion to 1.0.0.0. Version Checksum will be recalculated on next use.
[2019.02.13-20.47.34:054][  0]LogDerivedDataCache: Saved boot cache 0.10s 71MB C:/Users/debor/AppData/Local/UnrealEngine/4.20/DerivedDataCache/Boot.ddc.
[2019.02.13-20.47.34:063][  0]LogInit: Texture streaming: Enabled
[2019.02.13-20.47.34:082][  0]LogEngineSessionManager: EngineSessionManager initialized
[2019.02.13-20.47.34:098][  0]LogInit: Transaction tracking system initialized
[2019.02.13-20.47.34:117][  0]BlueprintLog: New page: Editor Load
[2019.02.13-20.47.34:193][  0]LocalizationService: Localization service is disabled
[2019.02.13-20.47.34:424][  0]LogCook: Display: Max memory allowance for cook 16384mb min free memory 0mb
[2019.02.13-20.47.34:424][  0]LogCook: Display: Mobile HDR setting 1
[2019.02.13-20.47.34:424][  0]LogGameplayTags: Display: UGameplayTagsManager::DoneAddingNativeTags. DelegateIsBound: 0
[2019.02.13-20.47.34:424][  0]LogStats: UGameplayTagsManager::ConstructGameplayTagTree: ImportINI prefixes -  0.000 s
[2019.02.13-20.47.34:424][  0]LogFileCache: Scanning file cache for directory 'D:/AssetPipeline_Repos/DR_AssetPipeline/DDR_WBlockMaterial/Content/' took 0.01s
[2019.02.13-20.47.34:424][  0]LogStats: UGameplayTagsManager::ConstructGameplayTagTree: Construct from data asset -  0.000 s
[2019.02.13-20.47.34:424][  0]LogStats: UGameplayTagsManager::ConstructGameplayTagTree: ImportINI -  0.000 s
[2019.02.13-20.47.34:424][  0]LogStats: UGameplayTagsManager::ConstructGameplayTagTree: GameplayTagTreeChangedEvent.Broadcast -  0.000 s
[2019.02.13-20.47.34:533][  0]SourceControl: Source control is disabled
[2019.02.13-20.47.34:533][  0]Cmd: MAP LOAD FILE="../../../Engine/Content/Maps/Templates/Template_Default.umap" TEMPLATE=1 SHOWPROGRESS=1 FEATURELEVEL=3
[2019.02.13-20.47.34:534][  0]LightingResults: New page: Lighting Build
[2019.02.13-20.47.34:536][  0]MapCheck: New page: Map Check
[2019.02.13-20.47.34:536][  0]LightingResults: New page: Lighting Build
[2019.02.13-20.47.34:725][  0]LogAIModule: Creating AISystem for world Untitled_1
[2019.02.13-20.47.34:734][  0]LogEditorServer: Finished looking for orphan Actors (0.000 secs)
[2019.02.13-20.47.34:757][  0]Cmd: MAP CHECKDEP NOCLEARLOG
[2019.02.13-20.47.34:818][  0]MapCheck: Map check complete: 0 Error(s), 0 Warning(s), took 62.31ms to complete.
[2019.02.13-20.47.34:818][  0]LogFileHelpers: Loading map 'Template_Default' took 0.285
[2019.02.13-20.47.35:004][  0]LogSlate: Updating window title bar state: overlay mode, drag disabled, window buttons hidden, title bar hidden
[2019.02.13-20.47.35:010][  0]LogSlate: Updating window title bar state: overlay mode, drag disabled, window buttons hidden, title bar hidden
[2019.02.13-20.47.35:018][  0]LogSlate: Updating window title bar state: overlay mode, drag disabled, window buttons hidden, title bar hidden
[2019.02.13-20.47.35:027][  0]LogSlate: Updating window title bar state: overlay mode, drag disabled, window buttons hidden, title bar hidden
[2019.02.13-20.47.35:037][  0]LogCollectionManager: Loaded 0 collections in 0.001216 seconds
[2019.02.13-20.47.35:085][  0]LogFileCache: Scanning file cache for directory 'D:/AssetPipeline_Repos/DR_AssetPipeline/DDR_WBlockMaterial/Saved/Collections/' took 0.01s
[2019.02.13-20.47.35:085][  0]LogFileCache: Scanning file cache for directory 'D:/AssetPipeline_Repos/DR_AssetPipeline/DDR_WBlockMaterial/Content/Developers/Dubarr/Collections/' took 0.01s
[2019.02.13-20.47.35:085][  0]LogFileCache: Scanning file cache for directory 'D:/AssetPipeline_Repos/DR_AssetPipeline/DDR_WBlockMaterial/Content/Collections/' took 0.01s
[2019.02.13-20.47.35:085][  0]LogCollectionManager: Rebuilt the GUID cache for 0 collections in 0.000000 seconds
[2019.02.13-20.47.35:092][  0]LogContentBrowser: Native class hierarchy populated in 0.0076 seconds. Added 2572 classes and 603 folders.
[2019.02.13-20.47.35:100][  0]LogContentBrowser: Native class hierarchy updated for 'WidgetCarousel' in 0.0003 seconds. Added 0 classes and 0 folders.
[2019.02.13-20.47.40:116][  0]LogContentBrowser: Native class hierarchy updated for 'AddContentDialog' in 0.0002 seconds. Added 0 classes and 0 folders.
[2019.02.13-20.47.40:249][  0]LogContentBrowser: Native class hierarchy updated for 'SceneOutliner' in 0.0003 seconds. Added 1 classes and 2 folders.
[2019.02.13-20.47.40:272][  0]LogSlate: Took 0.000319 seconds to synchronously load lazily loaded font '../../../Engine/Content/Slate/Fonts/Roboto-Regular.ttf' (155K)
[2019.02.13-20.47.40:274][  0]LogSlate: Took 0.000251 seconds to synchronously load lazily loaded font '../../../Engine/Content/Slate/Fonts/Roboto-Bold.ttf' (160K)
[2019.02.13-20.47.40:298][  0]LogSlate: Took 0.017791 seconds to synchronously load lazily loaded font '../../../Engine/Content/Editor/Slate/Fonts/FontAwesome.ttf' (139K)
[2019.02.13-20.47.40:597][  0]LogRenderer: Reallocating scene render targets to support 960x460 Format 10 NumSamples 1 (Frame:1).
[2019.02.13-20.47.40:830][  0]LogContentBrowser: Native class hierarchy updated for 'HierarchicalLODOutliner' in 0.0002 seconds. Added 0 classes and 0 folders.
[2019.02.13-20.47.40:830][  0]LogLoad: (Engine Initialization) Total time: 15.16 seconds
[2019.02.13-20.47.40:830][  0]LogLoad: (Engine Initialization) Total Blueprint compile time: 0.00 seconds
[2019.02.13-20.47.40:849][  0]LogSlate: FSceneViewport::OnFocusLost() reason 0
[2019.02.13-20.47.40:849][  0]LogWindowsTextInputMethodSystem: Display: IME system now deactivated.
[2019.02.13-20.47.40:862][  0]LogContentStreaming: Texture pool size now 1000 MB
[2019.02.13-20.47.41:929][ 49]LogSlate: Took 0.061018 seconds to synchronously load lazily loaded font '../../../Engine/Content/Slate/Fonts/Roboto-Light.ttf' (167K)
[2019.02.13-20.47.44:880][225]LogSlate: Took 0.000225 seconds to synchronously load lazily loaded font '../../../Engine/Content/Slate/Fonts/Roboto-Light.ttf' (167K)
[2019.02.13-20.47.54:732][742]LogTexture: Display: Building textures: DDR_InClass-TexturingUVMaterial_Assignment (AutoDXT, 2048X2048)
[2019.02.13-20.47.54:733][742]LogTexture: Display: Building textures: DDR_InClass-TexturingUVMaterial_Assignment_Norm (BC5, 2048X2048)
[2019.02.13-20.47.54:733][742]LogMaterial: Display: Missing cached shader map for material M_WdBlockMaster_DDR, compiling. 
[2019.02.13-20.47.55:639][742]LogShaderCompilers: Display: Shaders left to compile 22
[2019.02.13-20.47.55:639][742]LogShaderCompilers: Display: Shaders left to compile 12
[2019.02.13-20.47.55:639][742]LogShaderCompilers: Display: Shaders left to compile 2
[2019.02.13-20.47.55:748][742]LogAssetEditorManager: Opening Asset editor for Material /Game/WoodMaterials/M_WdBlockMaster_DDR.M_WdBlockMaster_DDR
[2019.02.13-20.47.55:810][742]LogMaterial: Display: Missing cached shader map for material M_WdBlockMaster_DDR, compiling. 
[2019.02.13-20.48.07:156][742]LogMaterial: Display: Missing cached shader map for material M_WdBlockMaster_DDR, compiling. 
[2019.02.13-20.48.07:404][742]LogShaderCompilers: Display: Shaders left to compile 21
[2019.02.13-20.48.07:404][742]LogShaderCompilers: Display: Shaders left to compile 20
[2019.02.13-20.48.07:404][742]LogShaderCompilers: Display: Shaders left to compile 19
[2019.02.13-20.48.07:404][742]LogShaderCompilers: Display: Shaders left to compile 18
[2019.02.13-20.48.07:404][742]LogShaderCompilers: Display: Shaders left to compile 17
[2019.02.13-20.48.07:404][742]LogShaderCompilers: Display: Shaders left to compile 16
[2019.02.13-20.48.07:404][742]LogShaderCompilers: Display: Shaders left to compile 15
[2019.02.13-20.48.07:404][742]LogShaderCompilers: Display: Shaders left to compile 14
[2019.02.13-20.48.07:404][742]LogShaderCompilers: Display: Shaders left to compile 13
[2019.02.13-20.48.07:404][742]LogShaderCompilers: Display: Shaders left to compile 12
[2019.02.13-20.48.07:404][742]LogShaderCompilers: Display: Shaders left to compile 11
[2019.02.13-20.48.07:473][742]LogMaterial: Display: Missing cached shader map for material M_WdBlockMaster_DDR, compiling. 
[2019.02.13-20.48.07:511][742]LogShaderCompilers: Display: Shaders left to compile 21
[2019.02.13-20.48.07:538][742]LogMaterial: Display: Missing cached shader map for material FMatExpressionPreview MaterialExpressionMultiply_1, compiling. 
[2019.02.13-20.48.07:544][742]LogMaterial: Display: Missing cached shader map for material FMatExpressionPreview MaterialExpressionTextureSample_1, compiling. 
[2019.02.13-20.48.07:549][742]LogMaterial: Display: Missing cached shader map for material FMatExpressionPreview MaterialExpressionTextureSample_0, compiling. 
[2019.02.13-20.48.07:554][742]LogMaterial: Display: Missing cached shader map for material FMatExpressionPreview MaterialExpressionTextureCoordinate_0, compiling. 
[2019.02.13-20.48.07:559][742]LogMaterial: Display: Missing cached shader map for material FMatExpressionPreview MaterialExpressionVectorParameter_0, compiling. 
[2019.02.13-20.48.07:622][742]LogAssetEditorManager: Opening Asset editor for Texture2D /Game/WoodMaterials/DDR_InClass-TexturingUVMaterial_Assignment.DDR_InClass-TexturingUVMaterial_Assignment
[2019.02.13-20.48.07:800][742]LogShaderCompilers: Display: Shaders left to compile 30
[2019.02.13-20.48.07:800][742]LogShaderCompilers: Display: Shaders left to compile 29
[2019.02.13-20.48.07:800][742]LogContentBrowser: Native class hierarchy updated for 'TextureEditor' in 0.0004 seconds. Added 1 classes and 2 folders.
[2019.02.13-20.48.09:547][742]LogShaderCompilers: Display: Shaders left to compile 28
[2019.02.13-20.48.09:547][742]LogShaderCompilers: Display: Shaders left to compile 27
[2019.02.13-20.48.09:547][742]LogShaderCompilers: Display: Shaders left to compile 26
[2019.02.13-20.48.09:547][742]LogShaderCompilers: Display: Shaders left to compile 25
[2019.02.13-20.48.09:547][742]LogShaderCompilers: Display: Shaders left to compile 24
[2019.02.13-20.48.09:547][742]LogShaderCompilers: Display: Shaders left to compile 23
[2019.02.13-20.48.09:547][742]LogShaderCompilers: Display: Shaders left to compile 22
[2019.02.13-20.48.09:547][742]LogShaderCompilers: Display: Shaders left to compile 21
[2019.02.13-20.48.09:547][742]LogShaderCompilers: Display: Shaders left to compile 20
[2019.02.13-20.48.09:547][742]LogShaderCompilers: Display: Shaders left to compile 19
[2019.02.13-20.48.09:547][742]LogShaderCompilers: Display: Shaders left to compile 18
[2019.02.13-20.48.09:547][742]LogShaderCompilers: Display: Shaders left to compile 17
[2019.02.13-20.48.09:547][742]LogShaderCompilers: Display: Shaders left to compile 16
[2019.02.13-20.48.09:547][742]LogShaderCompilers: Display: Shaders left to compile 15
[2019.02.13-20.48.09:547][742]LogShaderCompilers: Display: Shaders left to compile 14
[2019.02.13-20.48.09:547][742]LogShaderCompilers: Display: Shaders left to compile 13
[2019.02.13-20.48.09:547][742]LogShaderCompilers: Display: Shaders left to compile 12
[2019.02.13-20.48.09:547][742]LogShaderCompilers: Display: Shaders left to compile 11
[2019.02.13-20.48.09:547][742]LogShaderCompilers: Display: Shaders left to compile 10
[2019.02.13-20.48.09:547][742]LogShaderCompilers: Display: Shaders left to compile 9
[2019.02.13-20.48.09:547][742]LogShaderCompilers: Display: Shaders left to compile 8
[2019.02.13-20.48.09:547][742]LogShaderCompilers: Display: Shaders left to compile 7
[2019.02.13-20.48.09:547][742]LogShaderCompilers: Display: Shaders left to compile 6
[2019.02.13-20.48.09:547][742]LogShaderCompilers: Display: Shaders left to compile 5
[2019.02.13-20.48.09:547][742]LogShaderCompilers: Display: Shaders left to compile 4
[2019.02.13-20.48.09:547][742]LogShaderCompilers: Display: Shaders left to compile 3
[2019.02.13-20.48.09:547][742]LogShaderCompilers: Display: Shaders left to compile 2
[2019.02.13-20.48.09:547][742]LogShaderCompilers: Display: Shaders left to compile 1
[2019.02.13-20.48.10:048][742]MaterialEditorStats: Base pass shader: 115 instructions
[2019.02.13-20.48.10:048][742]MaterialEditorStats: Base pass shader with Volumetric Lightmap: 189 instructions
[2019.02.13-20.48.10:048][742]MaterialEditorStats: Base pass vertex shader: 36 instructions
[2019.02.13-20.48.10:048][742]MaterialEditorStats: Texture samplers: 5/16
[2019.02.13-20.48.10:048][742]MaterialEditorStats: Texture Lookups (Est.): VS(0), PS(2)
[2019.02.13-20.48.10:048][742]MaterialEditorStats: User interpolators: 2/4 Scalars (1/4 Vectors) (TexCoords: 2, Custom: 0)
[2019.02.13-20.48.33:438][981]LogAssetRegistry: Asset discovery search completed in 62.4451 seconds
[2019.02.13-20.48.33:440][981]LogCollectionManager: Rebuilt the object cache for 0 collections in 0.000000 seconds (found 0 objects)
[2019.02.13-20.48.33:440][981]LogCollectionManager: Fixed up redirectors for 0 collections in 0.000071 seconds (updated 0 objects)
[2019.02.13-20.53.56:320][104]LogSlate: Took 0.018918 seconds to synchronously load lazily loaded font '../../../Engine/Content/Slate/Fonts/Roboto-BoldCondensed.ttf' (158K)
[2019.02.13-20.53.57:432][105]LogSlate: Took 0.004968 seconds to synchronously load lazily loaded font '../../../Engine/Content/Slate/Fonts/Roboto-Italic.ttf' (157K)
[2019.02.13-20.53.59:567][220]LogSlate: Window 'DDR_InClass-TexturingUVMaterial_Assignment' being destroyed
[2019.02.13-20.57.05:590][973]LogAssetEditorManager: Opening Asset editor for Material /Engine/Tutorial/SubEditors/TutorialAssets/TutorialMaterial.TutorialMaterial
[2019.02.13-20.57.05:599][973]LogMaterial: Display: Missing cached shader map for material TutorialMaterial, compiling. 
[2019.02.13-20.57.05:616][973]LogSlate: Warning: Slate: Had to block on waiting for a draw buffer
[2019.02.13-20.57.05:669][973]LogMaterial: Display: Missing cached shader map for material TutorialMaterial, compiling. 
[2019.02.13-20.57.05:682][973]LogMaterial: Display: Missing cached shader map for material TutorialMaterial, compiling. 
[2019.02.13-20.57.05:710][973]LogShaderCompilers: Display: Shaders left to compile 21
[2019.02.13-20.57.05:710][973]LogShaderCompilers: Display: Shaders left to compile 20
[2019.02.13-20.57.05:710][973]LogShaderCompilers: Display: Shaders left to compile 19
[2019.02.13-20.57.05:710][973]LogShaderCompilers: Display: Shaders left to compile 18
[2019.02.13-20.57.05:710][973]LogShaderCompilers: Display: Shaders left to compile 17
[2019.02.13-20.57.05:710][973]LogShaderCompilers: Display: Shaders left to compile 16
[2019.02.13-20.57.05:710][973]LogShaderCompilers: Display: Shaders left to compile 15
[2019.02.13-20.57.05:710][973]LogShaderCompilers: Display: Shaders left to compile 14
[2019.02.13-20.57.06:757][973]LogShaderCompilers: Display: Shaders left to compile 13
[2019.02.13-20.57.06:757][973]LogShaderCompilers: Display: Shaders left to compile 12
[2019.02.13-20.57.06:757][973]LogShaderCompilers: Display: Shaders left to compile 11
[2019.02.13-20.57.06:757][973]LogShaderCompilers: Display: Shaders left to compile 10
[2019.02.13-20.57.06:757][973]LogShaderCompilers: Display: Shaders left to compile 9
[2019.02.13-20.57.06:757][973]LogShaderCompilers: Display: Shaders left to compile 8
[2019.02.13-20.57.06:757][973]LogShaderCompilers: Display: Shaders left to compile 7
[2019.02.13-20.57.06:757][973]LogShaderCompilers: Display: Shaders left to compile 6
[2019.02.13-20.57.06:757][973]LogShaderCompilers: Display: Shaders left to compile 5
[2019.02.13-20.57.06:757][973]LogShaderCompilers: Display: Shaders left to compile 4
[2019.02.13-20.57.06:757][973]LogSlate: Window 'Tutorials' being destroyed
[2019.02.13-20.57.06:779][973]LogShaderCompilers: Display: Shaders left to compile 3
[2019.02.13-20.57.06:958][974]LogShaderCompilers: Display: Shaders left to compile 2
[2019.02.13-20.57.06:990][974]LogShaderCompilers: Display: Shaders left to compile 1
[2019.02.13-20.57.07:400][993]MaterialEditorStats: Base pass shader: 99 instructions
[2019.02.13-20.57.07:400][993]MaterialEditorStats: Base pass shader with Volumetric Lightmap: 172 instructions
[2019.02.13-20.57.07:400][993]MaterialEditorStats: Base pass vertex shader: 32 instructions
[2019.02.13-20.57.07:400][993]MaterialEditorStats: Texture samplers: 3/16
[2019.02.13-20.58.35:512][  2]LogMaterial: Display: Missing cached shader map for material M_WdBlockMaster_DDR, compiling. 
[2019.02.13-20.58.35:525][  2]LogShaderCompilers: Display: Shaders left to compile 21
[2019.02.13-20.58.35:525][  2]LogShaderCompilers: Display: Shaders left to compile 20
[2019.02.13-20.58.35:525][  2]LogShaderCompilers: Display: Shaders left to compile 19
[2019.02.13-20.58.35:525][  2]LogShaderCompilers: Display: Shaders left to compile 18
[2019.02.13-20.58.35:525][  2]LogShaderCompilers: Display: Shaders left to compile 17
[2019.02.13-20.58.35:525][  2]LogShaderCompilers: Display: Shaders left to compile 16
[2019.02.13-20.58.35:525][  2]LogShaderCompilers: Display: Shaders left to compile 15
[2019.02.13-20.58.35:525][  2]LogShaderCompilers: Display: Shaders left to compile 14
[2019.02.13-20.58.35:525][  2]LogMaterial: Display: Missing cached shader map for material FMatExpressionPreview MaterialExpressionTextureSampleParameter2D_0, compiling. 
[2019.02.13-20.58.36:391][ 30]LogShaderCompilers: Display: Shaders left to compile 15
[2019.02.13-20.58.36:425][ 32]LogShaderCompilers: Display: Shaders left to compile 14
[2019.02.13-20.58.36:441][ 33]LogShaderCompilers: Display: Shaders left to compile 13
[2019.02.13-20.58.36:459][ 34]LogShaderCompilers: Display: Shaders left to compile 12
[2019.02.13-20.58.36:491][ 36]LogShaderCompilers: Display: Shaders left to compile 11
[2019.02.13-20.58.36:507][ 37]LogShaderCompilers: Display: Shaders left to compile 10
[2019.02.13-20.58.36:507][ 37]LogShaderCompilers: Display: Shaders left to compile 9
[2019.02.13-20.58.36:541][ 39]LogShaderCompilers: Display: Shaders left to compile 8
[2019.02.13-20.58.36:984][ 61]LogShaderCompilers: Display: Shaders left to compile 7
[2019.02.13-20.58.37:159][ 70]LogShaderCompilers: Display: Shaders left to compile 6
[2019.02.13-20.58.37:247][ 75]LogShaderCompilers: Display: Shaders left to compile 5
[2019.02.13-20.58.37:384][ 83]LogShaderCompilers: Display: Shaders left to compile 4
[2019.02.13-20.58.37:451][ 87]LogShaderCompilers: Display: Shaders left to compile 3
[2019.02.13-20.58.37:651][ 96]LogShaderCompilers: Display: Shaders left to compile 2
[2019.02.13-20.58.37:651][ 96]LogShaderCompilers: Display: Shaders left to compile 1
[2019.02.13-20.58.38:353][137]MaterialEditorStats: Base pass shader: 115 instructions
[2019.02.13-20.58.38:353][137]MaterialEditorStats: Base pass shader with Volumetric Lightmap: 189 instructions
[2019.02.13-20.58.38:353][137]MaterialEditorStats: Base pass vertex shader: 36 instructions
[2019.02.13-20.58.38:353][137]MaterialEditorStats: Texture samplers: 5/16
[2019.02.13-20.58.38:353][137]MaterialEditorStats: Texture Lookups (Est.): VS(0), PS(2)
[2019.02.13-20.58.38:353][137]MaterialEditorStats: User interpolators: 2/4 Scalars (1/4 Vectors) (TexCoords: 2, Custom: 0)
[2019.02.13-21.02.07:740][927]LogMaterial: Display: Missing cached shader map for material FMatExpressionPreview MaterialExpressionMultiply_1, compiling. 
[2019.02.13-21.02.07:745][927]LogMaterial: Display: Missing cached shader map for material FMatExpressionPreview MaterialExpressionTextureSample_1, compiling. 
[2019.02.13-21.02.07:749][927]LogShaderCompilers: Display: Shaders left to compile 2
[2019.02.13-21.02.07:750][927]LogShaderCompilers: Display: Shaders left to compile 1
[2019.02.13-21.02.07:750][927]LogMaterial: Display: Missing cached shader map for material FMatExpressionPreview MaterialExpressionTextureSample_0, compiling. 
[2019.02.13-21.02.07:754][927]LogMaterial: Display: Missing cached shader map for material FMatExpressionPreview MaterialExpressionTextureCoordinate_0, compiling. 
[2019.02.13-21.02.07:759][927]LogMaterial: Display: Missing cached shader map for material FMatExpressionPreview MaterialExpressionVectorParameter_0, compiling. 
[2019.02.13-21.02.07:763][927]LogMaterial: Display: Missing cached shader map for material FMatExpressionPreview MaterialExpressionTextureSampleParameter2D_0, compiling. 
[2019.02.13-21.02.07:793][928]LogShaderCompilers: Display: Shaders left to compile 10
[2019.02.13-21.02.07:793][928]LogShaderCompilers: Display: Shaders left to compile 9
[2019.02.13-21.02.07:793][928]LogShaderCompilers: Display: Shaders left to compile 8
[2019.02.13-21.02.07:794][928]LogShaderCompilers: Display: Shaders left to compile 7
[2019.02.13-21.02.07:794][928]LogShaderCompilers: Display: Shaders left to compile 6
[2019.02.13-21.02.07:794][928]LogShaderCompilers: Display: Shaders left to compile 5
[2019.02.13-21.02.08:438][966]LogShaderCompilers: Display: Shaders left to compile 4
[2019.02.13-21.02.08:555][973]LogShaderCompilers: Display: Shaders left to compile 3
[2019.02.13-21.02.08:587][975]LogShaderCompilers: Display: Shaders left to compile 2
[2019.02.13-21.02.08:605][976]LogShaderCompilers: Display: Shaders left to compile 1
[2019.02.13-21.02.16:856][462]LogMaterial: Display: Missing cached shader map for material FMatExpressionPreview MaterialExpressionTextureSampleParameter2D_0, compiling. 
[2019.02.13-21.02.16:870][462]LogShaderCompilers: Display: Shaders left to compile 2
[2019.02.13-21.02.16:870][462]LogShaderCompilers: Display: Shaders left to compile 1
[2019.02.13-21.02.59:241][283]LogFactory: FactoryCreateFile: Texture with ReimportTextureFactory (0 0 ../../../../_School_Stuff/Spring_2019/Asset Pipeline/black_graphic.jpg)
[2019.02.13-21.02.59:293][283]LogTexture: Display: Building textures: black_graphic (AutoDXT, 12X12)
[2019.02.13-21.03.02:654][459]LogFileHelpers: Editor autosave (incl. sublevels) for '/Temp/Untitled_1' took 0.057
[2019.02.13-21.03.02:666][459]OBJ SavePackage: Generating thumbnails for [1] asset(s) in package [/Game/WoodMaterials/black_graphic] ([1] browsable assets)...
[2019.02.13-21.03.02:684][459]OBJ SavePackage:     Rendered thumbnail for [Texture2D /Game/WoodMaterials/black_graphic.black_graphic]
[2019.02.13-21.03.02:684][459]OBJ SavePackage: Finished generating thumbnails for package [/Game/WoodMaterials/black_graphic]
[2019.02.13-21.03.02:863][459]LogSavePackage: Moving '../../../../AssetPipeline_Repos/DR_AssetPipeline/DDR_WBlockMaterial/Saved/black_graphic_Auto17F8877E04D84C311D6D4939D107F13D6.tmp' to '../../../../AssetPipeline_Repos/DR_AssetPipeline/DDR_WBlockMaterial/Saved/Autosaves/Game/WoodMaterials/black_graphic_Auto1.uasset'
[2019.02.13-21.03.02:865][459]LogFileHelpers: Auto-saving content packages took 0.209
[2019.02.13-21.03.44:905][969]LogMaterial: Display: Missing cached shader map for material M_WdBlockMaster_DDR, compiling. 
[2019.02.13-21.03.44:937][970]LogShaderCompilers: Display: Shaders left to compile 21
[2019.02.13-21.03.44:937][970]LogShaderCompilers: Display: Shaders left to compile 20
[2019.02.13-21.03.44:937][970]LogShaderCompilers: Display: Shaders left to compile 19
[2019.02.13-21.03.44:937][970]LogShaderCompilers: Display: Shaders left to compile 18
[2019.02.13-21.03.44:937][970]LogShaderCompilers: Display: Shaders left to compile 17
[2019.02.13-21.03.44:937][970]LogShaderCompilers: Display: Shaders left to compile 16
[2019.02.13-21.03.44:937][970]LogShaderCompilers: Display: Shaders left to compile 15
[2019.02.13-21.03.44:937][970]LogShaderCompilers: Display: Shaders left to compile 14
[2019.02.13-21.03.45:687][ 14]LogShaderCompilers: Display: Shaders left to compile 13
[2019.02.13-21.03.45:703][ 15]LogShaderCompilers: Display: Shaders left to compile 12
[2019.02.13-21.03.45:718][ 16]LogShaderCompilers: Display: Shaders left to compile 11
[2019.02.13-21.03.45:719][ 16]LogShaderCompilers: Display: Shaders left to compile 10
[2019.02.13-21.03.45:719][ 16]LogShaderCompilers: Display: Shaders left to compile 9
[2019.02.13-21.03.45:719][ 16]LogShaderCompilers: Display: Shaders left to compile 8
[2019.02.13-21.03.45:770][ 19]LogShaderCompilers: Display: Shaders left to compile 7
[2019.02.13-21.03.45:770][ 19]LogShaderCompilers: Display: Shaders left to compile 6
[2019.02.13-21.03.45:869][ 25]LogShaderCompilers: Display: Shaders left to compile 5
[2019.02.13-21.03.46:056][ 36]LogShaderCompilers: Display: Shaders left to compile 4
[2019.02.13-21.03.46:105][ 39]LogShaderCompilers: Display: Shaders left to compile 3
[2019.02.13-21.03.46:289][ 50]LogShaderCompilers: Display: Shaders left to compile 2
[2019.02.13-21.03.46:306][ 51]LogShaderCompilers: Display: Shaders left to compile 1
[2019.02.13-21.03.46:695][ 74]MaterialEditorStats: Base pass shader: 115 instructions
[2019.02.13-21.03.46:695][ 74]MaterialEditorStats: Base pass shader with Volumetric Lightmap: 189 instructions
[2019.02.13-21.03.46:695][ 74]MaterialEditorStats: Base pass vertex shader: 36 instructions
[2019.02.13-21.03.46:695][ 74]MaterialEditorStats: Texture samplers: 5/16
[2019.02.13-21.03.46:696][ 74]MaterialEditorStats: Texture Lookups (Est.): VS(0), PS(2)
[2019.02.13-21.03.46:696][ 74]MaterialEditorStats: User interpolators: 2/4 Scalars (1/4 Vectors) (TexCoords: 2, Custom: 0)
[2019.02.13-21.07.03:690][972]LogMaterial: Display: Missing cached shader map for material M_WdBlockMaster_DDR, compiling. 
[2019.02.13-21.07.03:754][973]LogShaderCompilers: Display: Shaders left to compile 21
[2019.02.13-21.07.03:754][973]LogShaderCompilers: Display: Shaders left to compile 20
[2019.02.13-21.07.03:754][973]LogShaderCompilers: Display: Shaders left to compile 19
[2019.02.13-21.07.03:755][973]LogShaderCompilers: Display: Shaders left to compile 18
[2019.02.13-21.07.03:755][973]LogShaderCompilers: Display: Shaders left to compile 17
[2019.02.13-21.07.03:755][973]LogShaderCompilers: Display: Shaders left to compile 16
[2019.02.13-21.07.03:755][973]LogShaderCompilers: Display: Shaders left to compile 15
[2019.02.13-21.07.03:755][973]LogShaderCompilers: Display: Shaders left to compile 14
[2019.02.13-21.07.04:445][ 15]LogShaderCompilers: Display: Shaders left to compile 13
[2019.02.13-21.07.04:477][ 17]LogShaderCompilers: Display: Shaders left to compile 12
[2019.02.13-21.07.04:493][ 18]LogShaderCompilers: Display: Shaders left to compile 11
[2019.02.13-21.07.04:511][ 19]LogShaderCompilers: Display: Shaders left to compile 10
[2019.02.13-21.07.04:511][ 19]LogShaderCompilers: Display: Shaders left to compile 9
[2019.02.13-21.07.04:543][ 21]LogShaderCompilers: Display: Shaders left to compile 8
[2019.02.13-21.07.04:543][ 21]LogShaderCompilers: Display: Shaders left to compile 7
[2019.02.13-21.07.04:543][ 21]LogShaderCompilers: Display: Shaders left to compile 6
[2019.02.13-21.07.04:644][ 27]LogShaderCompilers: Display: Shaders left to compile 5
[2019.02.13-21.07.04:814][ 37]LogShaderCompilers: Display: Shaders left to compile 4
[2019.02.13-21.07.04:897][ 42]LogShaderCompilers: Display: Shaders left to compile 3
[2019.02.13-21.07.05:064][ 52]LogShaderCompilers: Display: Shaders left to compile 2
[2019.02.13-21.07.05:099][ 54]LogShaderCompilers: Display: Shaders left to compile 1
[2019.02.13-21.07.05:507][ 78]MaterialEditorStats: Base pass shader: 115 instructions
[2019.02.13-21.07.05:507][ 78]MaterialEditorStats: Base pass shader with Volumetric Lightmap: 189 instructions
[2019.02.13-21.07.05:507][ 78]MaterialEditorStats: Base pass vertex shader: 36 instructions
[2019.02.13-21.07.05:507][ 78]MaterialEditorStats: Texture samplers: 5/16
[2019.02.13-21.07.05:507][ 78]MaterialEditorStats: Texture Lookups (Est.): VS(0), PS(2)
[2019.02.13-21.07.05:507][ 78]MaterialEditorStats: User interpolators: 2/4 Scalars (1/4 Vectors) (TexCoords: 2, Custom: 0)
[2019.02.13-21.07.26:621][336]LogMaterial: Display: Missing cached shader map for material M_WdBlockMaster_DDR, compiling. 
[2019.02.13-21.07.26:634][336]LogMaterial: Display: Missing cached shader map for material FMatExpressionPreview MaterialExpressionTextureSampleParameter2D_1, compiling. 
[2019.02.13-21.07.26:669][337]LogShaderCompilers: Display: Shaders left to compile 21
[2019.02.13-21.07.26:669][337]LogShaderCompilers: Display: Shaders left to compile 20
[2019.02.13-21.07.26:669][337]LogShaderCompilers: Display: Shaders left to compile 19
[2019.02.13-21.07.26:669][337]LogShaderCompilers: Display: Shaders left to compile 18
[2019.02.13-21.07.26:669][337]LogShaderCompilers: Display: Shaders left to compile 17
[2019.02.13-21.07.26:669][337]LogShaderCompilers: Display: Shaders left to compile 16
[2019.02.13-21.07.26:669][337]LogShaderCompilers: Display: Shaders left to compile 15
[2019.02.13-21.07.26:669][337]LogShaderCompilers: Display: Shaders left to compile 14
[2019.02.13-21.07.27:396][377]LogShaderCompilers: Display: Shaders left to compile 15
[2019.02.13-21.07.27:414][378]LogShaderCompilers: Display: Shaders left to compile 14
[2019.02.13-21.07.27:432][379]LogShaderCompilers: Display: Shaders left to compile 13
[2019.02.13-21.07.27:461][381]LogShaderCompilers: Display: Shaders left to compile 12
[2019.02.13-21.07.27:461][381]LogShaderCompilers: Display: Shaders left to compile 11
[2019.02.13-21.07.27:461][381]LogShaderCompilers: Display: Shaders left to compile 10
[2019.02.13-21.07.27:495][383]LogShaderCompilers: Display: Shaders left to compile 9
[2019.02.13-21.07.27:495][383]LogShaderCompilers: Display: Shaders left to compile 8
[2019.02.13-21.07.27:614][390]LogShaderCompilers: Display: Shaders left to compile 7
[2019.02.13-21.07.27:786][400]LogShaderCompilers: Display: Shaders left to compile 6
[2019.02.13-21.07.27:850][404]LogShaderCompilers: Display: Shaders left to compile 5
[2019.02.13-21.07.28:051][416]LogShaderCompilers: Display: Shaders left to compile 4
[2019.02.13-21.07.28:101][419]LogShaderCompilers: Display: Shaders left to compile 3
[2019.02.13-21.07.28:134][421]LogShaderCompilers: Display: Shaders left to compile 2
[2019.02.13-21.07.28:168][423]LogShaderCompilers: Display: Shaders left to compile 1
[2019.02.13-21.07.29:539][505]MaterialEditorStats: Base pass shader: 115 instructions
[2019.02.13-21.07.29:539][505]MaterialEditorStats: Base pass shader with Volumetric Lightmap: 189 instructions
[2019.02.13-21.07.29:539][505]MaterialEditorStats: Base pass vertex shader: 36 instructions
[2019.02.13-21.07.29:539][505]MaterialEditorStats: Texture samplers: 5/16
[2019.02.13-21.07.29:539][505]MaterialEditorStats: Texture Lookups (Est.): VS(0), PS(2)
[2019.02.13-21.07.29:539][505]MaterialEditorStats: User interpolators: 2/4 Scalars (1/4 Vectors) (TexCoords: 2, Custom: 0)
[2019.02.13-21.07.40:794][177]LogMaterial: Display: Missing cached shader map for material M_WdBlockMaster_DDR, compiling. 
[2019.02.13-21.07.40:809][177]LogMaterial: Display: Missing cached shader map for material FMatExpressionPreview MaterialExpressionTextureSampleParameter2D_1, compiling. 
[2019.02.13-21.07.40:823][177]LogShaderCompilers: Display: Shaders left to compile 23
[2019.02.13-21.07.40:823][177]LogShaderCompilers: Display: Shaders left to compile 22
[2019.02.13-21.07.40:823][177]LogShaderCompilers: Display: Shaders left to compile 21
[2019.02.13-21.07.40:823][177]LogShaderCompilers: Display: Shaders left to compile 20
[2019.02.13-21.07.40:823][177]LogShaderCompilers: Display: Shaders left to compile 19
[2019.02.13-21.07.40:823][177]LogShaderCompilers: Display: Shaders left to compile 18
[2019.02.13-21.07.40:823][177]LogShaderCompilers: Display: Shaders left to compile 17
[2019.02.13-21.07.40:823][177]LogShaderCompilers: Display: Shaders left to compile 16
[2019.02.13-21.07.41:094][193]LogShaderCompilers: Display: Shaders left to compile 15
[2019.02.13-21.07.41:108][194]LogShaderCompilers: Display: Shaders left to compile 14
[2019.02.13-21.07.41:123][195]LogShaderCompilers: Display: Shaders left to compile 13
[2019.02.13-21.07.41:123][195]LogShaderCompilers: Display: Shaders left to compile 12
[2019.02.13-21.07.41:156][197]LogShaderCompilers: Display: Shaders left to compile 11
[2019.02.13-21.07.41:157][197]LogShaderCompilers: Display: Shaders left to compile 10
[2019.02.13-21.07.41:157][197]LogShaderCompilers: Display: Shaders left to compile 9
[2019.02.13-21.07.41:207][200]LogShaderCompilers: Display: Shaders left to compile 8
[2019.02.13-21.07.41:294][205]LogShaderCompilers: Display: Shaders left to compile 7
[2019.02.13-21.07.41:461][215]LogShaderCompilers: Display: Shaders left to compile 6
[2019.02.13-21.07.41:510][218]LogShaderCompilers: Display: Shaders left to compile 5
[2019.02.13-21.07.41:693][229]LogShaderCompilers: Display: Shaders left to compile 4
[2019.02.13-21.07.41:710][230]LogShaderCompilers: Display: Shaders left to compile 3
[2019.02.13-21.07.41:726][231]LogShaderCompilers: Display: Shaders left to compile 2
[2019.02.13-21.07.41:791][235]LogShaderCompilers: Display: Shaders left to compile 1
[2019.02.13-21.07.42:115][254]MaterialEditorStats: Base pass shader: 115 instructions
[2019.02.13-21.07.42:115][254]MaterialEditorStats: Base pass shader with Volumetric Lightmap: 189 instructions
[2019.02.13-21.07.42:115][254]MaterialEditorStats: Base pass vertex shader: 36 instructions
[2019.02.13-21.07.42:115][254]MaterialEditorStats: Texture samplers: 5/16
[2019.02.13-21.07.42:115][254]MaterialEditorStats: Texture Lookups (Est.): VS(0), PS(2)
[2019.02.13-21.07.42:116][254]MaterialEditorStats: User interpolators: 2/4 Scalars (1/4 Vectors) (TexCoords: 2, Custom: 0)
[2019.02.13-21.07.48:152][616]LogMaterial: Display: Missing cached shader map for material M_WdBlockMaster_DDR, compiling. 
[2019.02.13-21.07.48:173][616]LogShaderCompilers: Display: Shaders left to compile 21
[2019.02.13-21.07.48:173][616]LogShaderCompilers: Display: Shaders left to compile 20
[2019.02.13-21.07.48:173][616]LogShaderCompilers: Display: Shaders left to compile 19
[2019.02.13-21.07.48:173][616]LogShaderCompilers: Display: Shaders left to compile 18
[2019.02.13-21.07.48:173][616]LogShaderCompilers: Display: Shaders left to compile 17
[2019.02.13-21.07.48:173][616]LogShaderCompilers: Display: Shaders left to compile 16
[2019.02.13-21.07.48:173][616]LogShaderCompilers: Display: Shaders left to compile 15
[2019.02.13-21.07.48:173][616]LogShaderCompilers: Display: Shaders left to compile 14
[2019.02.13-21.07.48:173][616]LogMaterial: Display: Missing cached shader map for material FMatExpressionPreview MaterialExpressionMultiply_1, compiling. 
[2019.02.13-21.07.48:428][630]LogShaderCompilers: Display: Shaders left to compile 15
[2019.02.13-21.07.48:456][632]LogShaderCompilers: Display: Shaders left to compile 14
[2019.02.13-21.07.48:468][633]LogShaderCompilers: Display: Shaders left to compile 13
[2019.02.13-21.07.48:468][633]LogShaderCompilers: Display: Shaders left to compile 12
[2019.02.13-21.07.48:502][635]LogShaderCompilers: Display: Shaders left to compile 11
[2019.02.13-21.07.48:503][635]LogShaderCompilers: Display: Shaders left to compile 10
[2019.02.13-21.07.48:503][635]LogShaderCompilers: Display: Shaders left to compile 9
[2019.02.13-21.07.48:537][637]LogShaderCompilers: Display: Shaders left to compile 8
[2019.02.13-21.07.48:606][641]LogShaderCompilers: Display: Shaders left to compile 7
[2019.02.13-21.07.48:809][653]LogShaderCompilers: Display: Shaders left to compile 6
[2019.02.13-21.07.48:873][657]LogShaderCompilers: Display: Shaders left to compile 5
[2019.02.13-21.07.49:039][667]LogShaderCompilers: Display: Shaders left to compile 4
[2019.02.13-21.07.49:088][670]LogShaderCompilers: Display: Shaders left to compile 3
[2019.02.13-21.07.49:106][671]LogShaderCompilers: Display: Shaders left to compile 2
[2019.02.13-21.07.49:123][672]LogShaderCompilers: Display: Shaders left to compile 1
[2019.02.13-21.07.49:462][692]MaterialEditorStats: Base pass shader: 115 instructions
[2019.02.13-21.07.49:462][692]MaterialEditorStats: Base pass shader with Volumetric Lightmap: 189 instructions
[2019.02.13-21.07.49:462][692]MaterialEditorStats: Base pass vertex shader: 36 instructions
[2019.02.13-21.07.49:462][692]MaterialEditorStats: Texture samplers: 5/16
[2019.02.13-21.07.49:462][692]MaterialEditorStats: Texture Lookups (Est.): VS(0), PS(2)
[2019.02.13-21.07.49:462][692]MaterialEditorStats: User interpolators: 2/4 Scalars (1/4 Vectors) (TexCoords: 2, Custom: 0)
[2019.02.13-21.07.54:258][979]LogMaterial: Display: Missing cached shader map for material M_WdBlockMaster_DDR, compiling. 
[2019.02.13-21.07.54:284][979]LogShaderCompilers: Display: Shaders left to compile 21
[2019.02.13-21.07.54:284][979]LogShaderCompilers: Display: Shaders left to compile 20
[2019.02.13-21.07.54:284][979]LogShaderCompilers: Display: Shaders left to compile 19
[2019.02.13-21.07.54:284][979]LogShaderCompilers: Display: Shaders left to compile 18
[2019.02.13-21.07.54:284][979]LogShaderCompilers: Display: Shaders left to compile 17
[2019.02.13-21.07.54:284][979]LogShaderCompilers: Display: Shaders left to compile 16
[2019.02.13-21.07.54:284][979]LogShaderCompilers: Display: Shaders left to compile 15
[2019.02.13-21.07.54:284][979]LogShaderCompilers: Display: Shaders left to compile 14
[2019.02.13-21.07.54:555][995]LogShaderCompilers: Display: Shaders left to compile 13
[2019.02.13-21.07.54:587][998]LogShaderCompilers: Display: Shaders left to compile 12
[2019.02.13-21.07.54:587][998]LogShaderCompilers: Display: Shaders left to compile 11
[2019.02.13-21.07.54:587][998]LogShaderCompilers: Display: Shaders left to compile 10
[2019.02.13-21.07.54:618][  0]LogShaderCompilers: Display: Shaders left to compile 9
[2019.02.13-21.07.54:618][  0]LogShaderCompilers: Display: Shaders left to compile 8
[2019.02.13-21.07.54:618][  0]LogShaderCompilers: Display: Shaders left to compile 7
[2019.02.13-21.07.54:618][  0]LogShaderCompilers: Display: Shaders left to compile 6
[2019.02.13-21.07.54:753][  8]LogShaderCompilers: Display: Shaders left to compile 5
[2019.02.13-21.07.54:920][ 18]LogShaderCompilers: Display: Shaders left to compile 4
[2019.02.13-21.07.54:953][ 20]LogShaderCompilers: Display: Shaders left to compile 3
[2019.02.13-21.07.55:107][ 29]LogShaderCompilers: Display: Shaders left to compile 2
[2019.02.13-21.07.55:172][ 33]LogShaderCompilers: Display: Shaders left to compile 1
[2019.02.13-21.07.55:495][ 52]MaterialEditorStats: Base pass shader: 116 instructions
[2019.02.13-21.07.55:495][ 52]MaterialEditorStats: Base pass shader with Volumetric Lightmap: 190 instructions
[2019.02.13-21.07.55:495][ 52]MaterialEditorStats: Base pass vertex shader: 36 instructions
[2019.02.13-21.07.55:495][ 52]MaterialEditorStats: Texture samplers: 6/16
[2019.02.13-21.07.55:495][ 52]MaterialEditorStats: Texture Lookups (Est.): VS(0), PS(3)
[2019.02.13-21.07.55:495][ 52]MaterialEditorStats: User interpolators: 2/4 Scalars (1/4 Vectors) (TexCoords: 2, Custom: 0)
[2019.02.13-21.30.30:543][719]LogMaterialEditor: Saving and Compiling material M_WdBlockMaster_DDR
[2019.02.13-21.30.30:993][719]LogMaterial: Display: Missing cached shader map for material M_WdBlockMaster_DDR, compiling. 
[2019.02.13-21.30.31:032][719]LogShaderCompilers: Display: Shaders left to compile 21
[2019.02.13-21.30.31:032][719]LogShaderCompilers: Display: Shaders left to compile 20
[2019.02.13-21.30.31:032][719]LogShaderCompilers: Display: Shaders left to compile 19
[2019.02.13-21.30.31:032][719]LogShaderCompilers: Display: Shaders left to compile 18
[2019.02.13-21.30.31:032][719]LogShaderCompilers: Display: Shaders left to compile 17
[2019.02.13-21.30.31:032][719]LogShaderCompilers: Display: Shaders left to compile 16
[2019.02.13-21.30.31:032][719]LogShaderCompilers: Display: Shaders left to compile 15
[2019.02.13-21.30.31:032][719]LogShaderCompilers: Display: Shaders left to compile 14
[2019.02.13-21.30.31:068][719]LogMaterial: Display: Missing cached shader map for material M_WdBlockMaster_DDR, compiling. 
[2019.02.13-21.30.31:086][719]LogMaterial: Display: Missing cached shader map for material M_WdBlockMaster_DDR, compiling. 
[2019.02.13-21.30.31:294][719]LogMaterial: Display: Missing cached shader map for material FDebugViewModeMaterialProxy M_WdBlockMaster_DDR, compiling. 
[2019.02.13-21.30.32:554][719]LogShaderCompilers: Display: Shaders left to compile 36
[2019.02.13-21.30.32:554][719]LogShaderCompilers: Display: Shaders left to compile 35
[2019.02.13-21.30.32:554][719]LogShaderCompilers: Display: Shaders left to compile 34
[2019.02.13-21.30.32:554][719]LogShaderCompilers: Display: Shaders left to compile 33
[2019.02.13-21.30.32:554][719]LogShaderCompilers: Display: Shaders left to compile 32
[2019.02.13-21.30.32:554][719]LogShaderCompilers: Display: Shaders left to compile 31
[2019.02.13-21.30.32:554][719]LogShaderCompilers: Display: Shaders left to compile 30
[2019.02.13-21.30.32:554][719]LogShaderCompilers: Display: Shaders left to compile 29
[2019.02.13-21.30.32:554][719]LogShaderCompilers: Display: Shaders left to compile 28
[2019.02.13-21.30.32:554][719]LogShaderCompilers: Display: Shaders left to compile 27
[2019.02.13-21.30.32:554][719]LogShaderCompilers: Display: Shaders left to compile 26
[2019.02.13-21.30.32:554][719]LogShaderCompilers: Display: Shaders left to compile 25
[2019.02.13-21.30.32:554][719]LogShaderCompilers: Display: Shaders left to compile 24
[2019.02.13-21.30.32:554][719]LogShaderCompilers: Display: Shaders left to compile 23
[2019.02.13-21.30.32:554][719]LogShaderCompilers: Display: Shaders left to compile 22
[2019.02.13-21.30.32:554][719]LogShaderCompilers: Display: Shaders left to compile 12
[2019.02.13-21.30.32:555][719]LogShaderCompilers: Display: Shaders left to compile 2
[2019.02.13-21.30.32:566][719]TextureStreamingBuild: Display: Compiling optional shaders took 1.346 seconds.
[2019.02.13-21.30.34:763][719]LogSavePackage: Moving '../../../../AssetPipeline_Repos/DR_AssetPipeline/DDR_WBlockMaterial/Saved/M_WdBlockMaster_DDR74B0F1A2455A50D2F731FBA9EDD616B9.tmp' to '../../../../AssetPipeline_Repos/DR_AssetPipeline/DDR_WBlockMaterial/Content/WoodMaterials/M_WdBlockMaster_DDR.uasset'
[2019.02.13-21.30.41:896][514]Cmd: OBJ SAVEPACKAGE PACKAGE="/Game/WoodMaterials/black_graphic" FILE="../../../../AssetPipeline_Repos/DR_AssetPipeline/DDR_WBlockMaterial/Content/WoodMaterials/black_graphic.uasset" SILENT=true
[2019.02.13-21.30.41:904][514]LogSavePackage: Moving '../../../../AssetPipeline_Repos/DR_AssetPipeline/DDR_WBlockMaterial/Saved/black_graphicE81391434FC1100789B6FE8DE1B68342.tmp' to '../../../../AssetPipeline_Repos/DR_AssetPipeline/DDR_WBlockMaterial/Content/WoodMaterials/black_graphic.uasset'
[2019.02.13-21.30.48:523][282]LogSlate: Window 'DDR_WBlockMaterial - Unreal Editor' being destroyed
[2019.02.13-21.30.48:889][283]Cmd: QUIT_EDITOR
[2019.02.13-21.30.48:913][283]LogWindowsTextInputMethodSystem: Display: IME system now deactivated.
[2019.02.13-21.30.48:928][283]LogExit: Preparing to exit.
[2019.02.13-21.30.49:329][283]LogExit: Editor shut down
[2019.02.13-21.30.49:329][283]LogExit: Transaction tracking system shut down
[2019.02.13-21.30.49:802][283]LogExit: Object subsystem successfully closed.
[2019.02.13-21.30.49:835][283]LogShaderCompilers: Display: Shaders left to compile 0
[2019.02.13-21.30.49:835][283]LogD3D11RHI: Shutdown
[2019.02.13-21.30.49:835][283]LogD3D11RHI: CleanupD3DDevice
[2019.02.13-21.30.49:940][283]LogD3D11RHI: ~FD3D11DynamicRHI
[2019.02.13-21.30.49:963][283]LogModuleManager: Shutting down and abandoning module TextureEditor (614)
[2019.02.13-21.30.49:963][283]LogModuleManager: Shutting down and abandoning module HierarchicalLODOutliner (612)
[2019.02.13-21.30.49:963][283]LogModuleManager: Shutting down and abandoning module SceneOutliner (610)
[2019.02.13-21.30.49:963][283]LogModuleManager: Shutting down and abandoning module AddContentDialog (608)
[2019.02.13-21.30.49:964][283]LogModuleManager: Shutting down and abandoning module WidgetCarousel (607)
[2019.02.13-21.30.49:964][283]LogModuleManager: Shutting down and abandoning module EditorWidgets (604)
[2019.02.13-21.30.49:964][283]LogModuleManager: Shutting down and abandoning module CollectionManager (602)
[2019.02.13-21.30.49:964][283]LogModuleManager: Shutting down and abandoning module HierarchicalLODUtilities (600)
[2019.02.13-21.30.49:965][283]LogModuleManager: Shutting down and abandoning module StatsViewer (598)
[2019.02.13-21.30.49:965][283]LogModuleManager: Shutting down and abandoning module FoliageEdit (596)
[2019.02.13-21.30.49:965][283]LogModuleManager: Shutting down and abandoning module LandscapeEditor (594)
[2019.02.13-21.30.49:965][283]LogModuleManager: Shutting down and abandoning module MeshPaintMode (592)
[2019.02.13-21.30.49:965][283]LogModuleManager: Shutting down and abandoning module SceneDepthPickerMode (590)
[2019.02.13-21.30.49:965][283]LogModuleManager: Shutting down and abandoning module ActorPickerMode (588)
[2019.02.13-21.30.49:965][283]LogModuleManager: Shutting down and abandoning module GeometryMode (586)
[2019.02.13-21.30.49:965][283]LogModuleManager: Shutting down and abandoning module TextureAlignMode (584)
[2019.02.13-21.30.49:965][283]LogModuleManager: Shutting down and abandoning module BspMode (582)
[2019.02.13-21.30.49:965][283]LogModuleManager: Shutting down and abandoning module PIEPreviewDeviceProfileSelector (580)
[2019.02.13-21.30.49:965][283]LogModuleManager: Shutting down and abandoning module SequenceRecorderSections (578)
[2019.02.13-21.30.49:965][283]LogModuleManager: Shutting down and abandoning module AutomationWorker (576)
[2019.02.13-21.30.49:965][283]LogModuleManager: Shutting down and abandoning module AudioCaptureEditor (574)
[2019.02.13-21.30.49:965][283]LogModuleManager: Shutting down and abandoning module SequenceRecorder (573)
[2019.02.13-21.30.49:965][283]LogModuleManager: Shutting down and abandoning module MatineeToLevelSequence (570)
[2019.02.13-21.30.49:965][283]LogModuleManager: Shutting down and abandoning module LevelSequenceEditor (568)
[2019.02.13-21.30.49:965][283]LogModuleManager: Shutting down and abandoning module PlacementMode (567)
[2019.02.13-21.30.49:965][283]LogModuleManager: Shutting down and abandoning module MaterialEditor (566)
[2019.02.13-21.30.49:965][283]LogModuleManager: Shutting down and abandoning module WmfMediaFactory (562)
[2019.02.13-21.30.49:965][283]LogModuleManager: Shutting down and abandoning module WmfMediaEditor (560)
[2019.02.13-21.30.49:965][283]LogModuleManager: Shutting down and abandoning module MediaPlayerEditor (558)
[2019.02.13-21.30.49:965][283]LogModuleManager: Shutting down and abandoning module OpenExrWrapper (556)
[2019.02.13-21.30.49:965][283]LogModuleManager: Shutting down and abandoning module ImgMediaFactory (554)
[2019.02.13-21.30.49:965][283]LogModuleManager: Shutting down and abandoning module ImgMediaEditor (552)
[2019.02.13-21.30.49:965][283]LogModuleManager: Shutting down and abandoning module AvfMediaFactory (550)
[2019.02.13-21.30.49:965][283]LogModuleManager: Shutting down and abandoning module AvfMediaEditor (548)
[2019.02.13-21.30.49:965][283]LogModuleManager: Shutting down and abandoning module AndroidMediaFactory (546)
[2019.02.13-21.30.49:965][283]LogModuleManager: Shutting down and abandoning module AndroidMediaEditor (544)
[2019.02.13-21.30.49:965][283]LogModuleManager: Shutting down and abandoning module MagicLeapCameraPreviewFactory (542)
[2019.02.13-21.30.49:965][283]LogModuleManager: Shutting down and abandoning module MagicLeapMediaFactory (540)
[2019.02.13-21.30.49:965][283]LogModuleManager: Shutting down and abandoning module MagicLeapMediaEditor (538)
[2019.02.13-21.30.49:965][283]LogModuleManager: Shutting down and abandoning module CharacterAI (536)
[2019.02.13-21.30.49:965][283]LogModuleManager: Shutting down and abandoning module SmartSnapping (534)
[2019.02.13-21.30.49:965][283]LogModuleManager: Shutting down and abandoning module SessionServices (532)
[2019.02.13-21.30.49:965][283]LogModuleManager: Shutting down and abandoning module ViewportSnapping (530)
[2019.02.13-21.30.49:965][283]LogModuleManager: Shutting down and abandoning module ViewportInteraction (528)
[2019.02.13-21.30.49:965][283]LogModuleManager: Shutting down and abandoning module ClothPainter (526)
[2019.02.13-21.30.49:965][283]LogModuleManager: Shutting down and abandoning module SkeletalMeshEditor (525)
[2019.02.13-21.30.49:965][283]LogModuleManager: Shutting down and abandoning module LogVisualizer (522)
[2019.02.13-21.30.49:966][283]LogModuleManager: Shutting down and abandoning module IntroTutorials (520)
[2019.02.13-21.30.49:966][283]LogModuleManager: Shutting down and abandoning module GameProjectGeneration (519)
[2019.02.13-21.30.49:966][283]LogModuleManager: Shutting down and abandoning module LuminPlatformEditor (516)
[2019.02.13-21.30.49:966][283]LogModuleManager: Shutting down and abandoning module IOSPlatformEditor (514)
[2019.02.13-21.30.49:966][283]LogModuleManager: Shutting down and abandoning module HTML5PlatformEditor (512)
[2019.02.13-21.30.49:966][283]LogModuleManager: Shutting down and abandoning module AndroidPlatformEditor (510)
[2019.02.13-21.30.49:966][283]LogModuleManager: Shutting down and abandoning module AndroidDeviceDetection (509)
[2019.02.13-21.30.50:673][283]LogModuleManager: Shutting down and abandoning module WindowsPlatformEditor (506)
[2019.02.13-21.30.50:673][283]LogModuleManager: Shutting down and abandoning module LuminRuntimeSettings (504)
[2019.02.13-21.30.50:673][283]LogModuleManager: Shutting down and abandoning module IOSRuntimeSettings (502)
[2019.02.13-21.30.50:673][283]LogModuleManager: Shutting down and abandoning module AndroidRuntimeSettings (500)
[2019.02.13-21.30.50:673][283]LogModuleManager: Shutting down and abandoning module InputBindingEditor (498)
[2019.02.13-21.30.50:673][283]LogModuleManager: Shutting down and abandoning module MergeActors (496)
[2019.02.13-21.30.50:673][283]LogModuleManager: Shutting down and abandoning module LocalizationDashboard (494)
[2019.02.13-21.30.50:673][283]LogModuleManager: Shutting down and abandoning module LocalizationService (493)
[2019.02.13-21.30.50:673][283]LogModuleManager: Shutting down and abandoning module HardwareTargeting (490)
[2019.02.13-21.30.50:673][283]LogModuleManager: Shutting down and abandoning module DeviceProfileEditor (488)
[2019.02.13-21.30.50:673][283]LogModuleManager: Shutting down and abandoning module UndoHistory (486)
[2019.02.13-21.30.50:673][283]LogModuleManager: Shutting down and abandoning module XmlParser (484)
[2019.02.13-21.30.50:673][283]LogModuleManager: Shutting down and abandoning module Blutility (482)
[2019.02.13-21.30.50:674][283]LogModuleManager: Shutting down and abandoning module ProjectSettingsViewer (480)
[2019.02.13-21.30.50:674][283]LogModuleManager: Shutting down and abandoning module ProjectTargetPlatformEditor (479)
[2019.02.13-21.30.50:674][283]LogModuleManager: Shutting down and abandoning module EditorSettingsViewer (476)
[2019.02.13-21.30.50:674][283]LogModuleManager: Shutting down and abandoning module SettingsEditor (474)
[2019.02.13-21.30.50:674][283]LogModuleManager: Shutting down and abandoning module ProjectLauncher (472)
[2019.02.13-21.30.50:674][283]LogModuleManager: Shutting down and abandoning module SessionFrontend (470)
[2019.02.13-21.30.50:674][283]LogModuleManager: Shutting down and abandoning module ProfilerClient (468)
[2019.02.13-21.30.50:674][283]LogModuleManager: Shutting down and abandoning module DeviceManager (466)
[2019.02.13-21.30.50:674][283]LogModuleManager: Shutting down and abandoning module TargetDeviceServices (465)
[2019.02.13-21.30.50:729][283]LogModuleManager: Shutting down and abandoning module AutomationController (462)
[2019.02.13-21.30.50:729][283]LogModuleManager: Shutting down and abandoning module AutomationWindow (460)
[2019.02.13-21.30.50:729][283]LogModuleManager: Shutting down and abandoning module Layers (458)
[2019.02.13-21.30.50:729][283]LogModuleManager: Shutting down and abandoning module ComponentVisualizers (456)
[2019.02.13-21.30.50:729][283]LogModuleManager: Shutting down and abandoning module DetailCustomizations (454)
[2019.02.13-21.30.50:729][283]LogModuleManager: Shutting down and abandoning module PackagesDialog (452)
[2019.02.13-21.30.50:729][283]LogModuleManager: Shutting down and abandoning module Persona (450)
[2019.02.13-21.30.50:729][283]LogModuleManager: Shutting down and abandoning module AdvancedPreviewScene (449)
[2019.02.13-21.30.50:729][283]LogModuleManager: Shutting down and abandoning module AnimGraph (447)
[2019.02.13-21.30.50:729][283]LogModuleManager: Shutting down and abandoning module Kismet (444)
[2019.02.13-21.30.50:729][283]LogModuleManager: Shutting down and abandoning module GraphEditor (442)
[2019.02.13-21.30.50:729][283]LogModuleManager: Shutting down and abandoning module ClassViewer (440)
[2019.02.13-21.30.50:729][283]LogModuleManager: Shutting down and abandoning module Toolbox (438)
[2019.02.13-21.30.50:729][283]LogModuleManager: Shutting down and abandoning module ModuleUI (436)
[2019.02.13-21.30.50:729][283]LogModuleManager: Shutting down and abandoning module MovieSceneTools (434)
[2019.02.13-21.30.50:730][283]LogModuleManager: Shutting down and abandoning module OutputLog (432)
[2019.02.13-21.30.50:730][283]LogModuleManager: Shutting down and abandoning module GammaUI (430)
[2019.02.13-21.30.50:730][283]LogModuleManager: Shutting down and abandoning module Documentation (428)
[2019.02.13-21.30.50:730][283]LogModuleManager: Shutting down and abandoning module MovieSceneTracks (426)
[2019.02.13-21.30.50:730][283]LogModuleManager: Shutting down and abandoning module MovieScene (424)
[2019.02.13-21.30.50:730][283]LogModuleManager: Shutting down and abandoning module StreamingPauseRendering (422)
[2019.02.13-21.30.50:730][283]LogModuleManager: Shutting down and abandoning module LauncherPlatform (420)
[2019.02.13-21.30.50:730][283]LogModuleManager: Shutting down and abandoning module AnalyticsET (418)
[2019.02.13-21.30.50:730][283]LogModuleManager: Shutting down and abandoning module PortalServices (416)
[2019.02.13-21.30.50:730][283]LogModuleManager: Shutting down and abandoning module PortalRpc (414)
[2019.02.13-21.30.50:730][283]LogModuleManager: Shutting down and abandoning module MessagingRpc (412)
[2019.02.13-21.30.50:730][283]LogModuleManager: Shutting down and abandoning module AIModule (410)
[2019.02.13-21.30.50:730][283]LogModuleManager: Shutting down and abandoning module GameplayDebugger (409)
[2019.02.13-21.30.50:730][283]LogModuleManager: Shutting down and abandoning module AITestSuite (407)
[2019.02.13-21.30.50:730][283]LogModuleManager: Shutting down and abandoning module NavigationSystem (405)
[2019.02.13-21.30.50:730][283]LogModuleManager: Shutting down and abandoning module DesktopPlatform (402)
[2019.02.13-21.30.50:730][283]LogModuleManager: Shutting down and abandoning module ProfilerService (400)
[2019.02.13-21.30.50:744][283]LogModuleManager: Shutting down and abandoning module TaskGraph (398)
[2019.02.13-21.30.50:744][283]LogModuleManager: Shutting down and abandoning module SteamVRController (396)
[2019.02.13-21.30.50:744][283]LogModuleManager: Shutting down and abandoning module ProceduralMeshComponentEditor (394)
[2019.02.13-21.30.50:744][283]LogModuleManager: Shutting down and abandoning module ProceduralMeshComponent (392)
[2019.02.13-21.30.50:744][283]LogModuleManager: Shutting down and abandoning module OculusInput (390)
[2019.02.13-21.30.50:744][283]LogModuleManager: Shutting down and abandoning module MobilePatchingUtils (388)
[2019.02.13-21.30.50:744][283]LogModuleManager: Shutting down and abandoning module EditableMesh (386)
[2019.02.13-21.30.50:744][283]LogModuleManager: Shutting down and abandoning module CustomMeshComponent (384)
[2019.02.13-21.30.50:744][283]LogModuleManager: Shutting down and abandoning module CableComponent (382)
[2019.02.13-21.30.50:744][283]LogModuleManager: Shutting down and abandoning module AudioCapture (380)
[2019.02.13-21.30.50:744][283]LogModuleManager: Shutting down and abandoning module ArchVisCharacter (378)
[2019.02.13-21.30.50:744][283]LogModuleManager: Shutting down and abandoning module AndroidPermission (376)
[2019.02.13-21.30.50:744][283]LogModuleManager: Shutting down and abandoning module NUTUnrealEngine4 (374)
[2019.02.13-21.30.50:744][283]LogModuleManager: Shutting down and abandoning module NetcodeUnitTest (372)
[2019.02.13-21.30.50:745][283]LogModuleManager: Shutting down and abandoning module MediaCompositingEditor (370)
[2019.02.13-21.30.50:745][283]LogModuleManager: Shutting down and abandoning module MediaCompositing (368)
[2019.02.13-21.30.50:745][283]LogModuleManager: Shutting down and abandoning module LinearTimecode (366)
[2019.02.13-21.30.50:745][283]LogModuleManager: Shutting down and abandoning module ImgMedia (364)
[2019.02.13-21.30.50:748][283]LogModuleManager: Shutting down and abandoning module HTML5Networking (362)
[2019.02.13-21.30.50:748][283]LogModuleManager: Shutting down and abandoning module GeometryCacheTracks (360)
[2019.02.13-21.30.50:748][283]LogModuleManager: Shutting down and abandoning module GeometryCacheSequencer (358)
[2019.02.13-21.30.50:748][283]LogModuleManager: Shutting down and abandoning module BackChannel (356)
[2019.02.13-21.30.50:748][283]LogModuleManager: Shutting down and abandoning module AppleVision (354)
[2019.02.13-21.30.50:748][283]LogModuleManager: Shutting down and abandoning module AppleImageUtils (352)
[2019.02.13-21.30.50:748][283]LogModuleManager: Shutting down and abandoning module AlembicImporter (350)
[2019.02.13-21.30.50:748][283]LogModuleManager: Shutting down and abandoning module AlembicLibrary (349)
[2019.02.13-21.30.50:748][283]LogModuleManager: Shutting down and abandoning module GeometryCache (348)
[2019.02.13-21.30.50:748][283]LogModuleManager: Shutting down and abandoning module GeometryCacheEd (347)
[2019.02.13-21.30.50:748][283]LogModuleManager: Shutting down and abandoning module DatasmithContentEditor (342)
[2019.02.13-21.30.50:748][283]LogModuleManager: Shutting down and abandoning module DatasmithContent (340)
[2019.02.13-21.30.50:749][283]LogModuleManager: Shutting down and abandoning module SpeedTreeImporter (338)
[2019.02.13-21.30.50:749][283]LogModuleManager: Shutting down and abandoning module PluginBrowser (336)
[2019.02.13-21.30.50:749][283]LogModuleManager: Shutting down and abandoning module MobileLauncherProfileWizard (334)
[2019.02.13-21.30.50:749][283]LogModuleManager: Shutting down and abandoning module PolygonModeling (332)
[2019.02.13-21.30.50:749][283]LogModuleManager: Shutting down and abandoning module MeshEditor (330)
[2019.02.13-21.30.50:749][283]LogModuleManager: Shutting down and abandoning module CryptoKeysOpenSSL (328)
[2019.02.13-21.30.50:749][283]LogModuleManager: Shutting down and abandoning module CryptoKeys (326)
[2019.02.13-21.30.50:749][283]LogModuleManager: Shutting down and abandoning module VisualStudioSourceCodeAccess (324)
[2019.02.13-21.30.50:749][283]LogModuleManager: Shutting down and abandoning module VisualStudioCodeSourceCodeAccess (322)
[2019.02.13-21.30.50:749][283]LogModuleManager: Shutting down and abandoning module UObjectPlugin (320)
[2019.02.13-21.30.50:749][283]LogModuleManager: Shutting down and abandoning module SubversionSourceControl (318)
[2019.02.13-21.30.50:749][283]LogModuleManager: Shutting down and abandoning module PerforceSourceControl (316)
[2019.02.13-21.30.50:749][283]LogModuleManager: Shutting down and abandoning module GitSourceControl (314)
[2019.02.13-21.30.50:749][283]LogModuleManager: Shutting down and abandoning module SourceControl (313)
[2019.02.13-21.30.50:749][283]LogModuleManager: Shutting down and abandoning module CLionSourceCodeAccess (310)
[2019.02.13-21.30.50:749][283]LogModuleManager: Shutting down and abandoning module LightPropagationVolumeEditor (308)
[2019.02.13-21.30.50:749][283]LogModuleManager: Shutting down and abandoning module PaperTiledImporter (306)
[2019.02.13-21.30.50:749][283]LogModuleManager: Shutting down and abandoning module PaperSpriteSheetImporter (304)
[2019.02.13-21.30.50:749][283]LogModuleManager: Shutting down and abandoning module Paper2DEditor (302)
[2019.02.13-21.30.50:749][283]LogModuleManager: Shutting down and abandoning module MeshPaint (301)
[2019.02.13-21.30.50:749][283]LogModuleManager: Shutting down and abandoning module RuntimePhysXCooking (298)
[2019.02.13-21.30.50:749][283]LogModuleManager: Shutting down and abandoning module PhysXVehiclesEditor (296)
[2019.02.13-21.30.50:749][283]LogModuleManager: Shutting down and abandoning module PhysXVehicles (294)
[2019.02.13-21.30.50:749][283]LogModuleManager: Shutting down and abandoning module OculusEditor (292)
[2019.02.13-21.30.50:749][283]LogModuleManager: Shutting down and abandoning module LocationServicesBPLibrary (290)
[2019.02.13-21.30.50:749][283]LogModuleManager: Shutting down and abandoning module ImmediatePhysicsEditor (288)
[2019.02.13-21.30.50:749][283]LogModuleManager: Shutting down and abandoning module ImmediatePhysics (286)
[2019.02.13-21.30.50:749][283]LogModuleManager: Shutting down and abandoning module ActorSequence (284)
[2019.02.13-21.30.50:749][283]LogModuleManager: Shutting down and abandoning module UdpMessaging (282)
[2019.02.13-21.30.50:850][283]LogModuleManager: Shutting down and abandoning module TcpMessaging (280)
[2019.02.13-21.30.50:951][283]LogModuleManager: Shutting down and abandoning module MagicLeapAudio (278)
[2019.02.13-21.30.50:951][283]LogModuleManager: Shutting down and abandoning module GameplayTagsEditor (276)
[2019.02.13-21.30.50:951][283]LogModuleManager: Shutting down and abandoning module FacialAnimationEditor (274)
[2019.02.13-21.30.50:951][283]LogModuleManager: Shutting down and abandoning module FacialAnimation (272)
[2019.02.13-21.30.50:951][283]LogModuleManager: Shutting down and abandoning module DataValidation (270)
[2019.02.13-21.30.50:951][283]LogModuleManager: Shutting down and abandoning module AssetManagerEditor (268)
[2019.02.13-21.30.50:951][283]LogModuleManager: Shutting down and abandoning module LevelEditor (267)
[2019.02.13-21.30.50:952][283]LogModuleManager: Shutting down and abandoning module PixelInspectorModule (266)
[2019.02.13-21.30.50:952][283]LogModuleManager: Shutting down and abandoning module CommonMenuExtensions (264)
[2019.02.13-21.30.50:952][283]LogModuleManager: Shutting down and abandoning module MainFrame (262)
[2019.02.13-21.30.50:952][283]LogModuleManager: Shutting down and abandoning module HotReload (261)
[2019.02.13-21.30.50:952][283]LogModuleManager: Shutting down and abandoning module ContentBrowser (257)
[2019.02.13-21.30.50:953][283]LogModuleManager: Shutting down and abandoning module TreeMap (255)
[2019.02.13-21.30.50:953][283]LogModuleManager: Shutting down and abandoning module LightPropagationVolumeRuntime (252)
[2019.02.13-21.30.50:953][283]LogModuleManager: Shutting down and abandoning module AISupportModule (250)
[2019.02.13-21.30.50:953][283]LogModuleManager: Shutting down and abandoning module Paper2D (248)
[2019.02.13-21.30.50:953][283]LogModuleManager: Shutting down and abandoning module WindowsMoviePlayer (246)
[2019.02.13-21.30.50:953][283]LogModuleManager: Shutting down and abandoning module WmfMedia (244)
[2019.02.13-21.30.50:955][283]LogModuleManager: Shutting down and abandoning module Media (243)
[2019.02.13-21.30.50:961][283]LogModuleManager: Shutting down and abandoning module PacketHandler (240)
[2019.02.13-21.30.50:961][283]LogModuleManager: Shutting down and abandoning module ClothingSystemEditor (238)
[2019.02.13-21.30.50:961][283]LogModuleManager: Shutting down and abandoning module ClothingSystemRuntime (236)
[2019.02.13-21.30.50:961][283]LogModuleManager: Shutting down and abandoning module MediaAssets (234)
[2019.02.13-21.30.50:961][283]LogModuleManager: Shutting down and abandoning module Overlay (232)
[2019.02.13-21.30.50:961][283]LogModuleManager: Shutting down and abandoning module OverlayEditor (231)
[2019.02.13-21.30.50:961][283]LogModuleManager: Shutting down and abandoning module VREditor (228)
[2019.02.13-21.30.50:961][283]LogModuleManager: Shutting down and abandoning module StringTableEditor (226)
[2019.02.13-21.30.50:961][283]LogModuleManager: Shutting down and abandoning module GameplayTasksEditor (224)
[2019.02.13-21.30.50:961][283]LogModuleManager: Shutting down and abandoning module BehaviorTreeEditor (222)
[2019.02.13-21.30.50:961][283]LogModuleManager: Shutting down and abandoning module FunctionalTesting (220)
[2019.02.13-21.30.50:961][283]LogModuleManager: Shutting down and abandoning module CollisionAnalyzer (218)
[2019.02.13-21.30.50:961][283]LogModuleManager: Shutting down and abandoning module WorkspaceMenuStructure (217)
[2019.02.13-21.30.50:961][283]LogModuleManager: Shutting down and abandoning module UMG (214)
[2019.02.13-21.30.50:961][283]LogModuleManager: Shutting down and abandoning module UMGEditor (213)
[2019.02.13-21.30.50:961][283]LogModuleManager: Shutting down and abandoning module Sequencer (212)
[2019.02.13-21.30.50:962][283]LogModuleManager: Shutting down and abandoning module MessageLog (209)
[2019.02.13-21.30.50:962][283]LogModuleManager: Shutting down and abandoning module SlateReflector (204)
[2019.02.13-21.30.50:962][283]LogModuleManager: Shutting down and abandoning module Slate (202)
[2019.02.13-21.30.50:962][283]LogModuleManager: Shutting down and abandoning module EditorStyle (200)
[2019.02.13-21.30.50:964][283]LogModuleManager: Shutting down and abandoning module MRMesh (198)
[2019.02.13-21.30.50:964][283]LogModuleManager: Shutting down and abandoning module SourceCodeAccess (196)
[2019.02.13-21.30.50:964][283]LogModuleManager: Shutting down and abandoning module HeadMountedDisplay (194)
[2019.02.13-21.30.50:964][283]LogModuleManager: Shutting down and abandoning module XAudio2 (192)
[2019.02.13-21.30.50:964][283]LogModuleManager: Shutting down and abandoning module Networking (190)
[2019.02.13-21.30.50:964][283]LogModuleManager: Shutting down and abandoning module Core (188)
[2019.02.13-21.30.50:964][283]LogModuleManager: Shutting down and abandoning module LevelSequence (186)
[2019.02.13-21.30.50:964][283]LogModuleManager: Shutting down and abandoning module KismetCompiler (184)
[2019.02.13-21.30.50:964][283]LogModuleManager: Shutting down and abandoning module MeshUtilities (182)
[2019.02.13-21.30.50:964][283]LogModuleManager: Shutting down and abandoning module MeshMergeUtilities (181)
[2019.02.13-21.30.50:964][283]LogModuleManager: Shutting down and abandoning module MeshReductionInterface (180)
[2019.02.13-21.30.50:964][283]LogModuleManager: Shutting down and abandoning module SimplygonSwarm (179)
[2019.02.13-21.30.50:964][283]LogModuleManager: Shutting down and abandoning module ProxyLODMeshReduction (177)
[2019.02.13-21.30.50:964][283]LogModuleManager: Shutting down and abandoning module SimplygonMeshReduction (175)
[2019.02.13-21.30.50:964][283]LogModuleManager: Shutting down and abandoning module QuadricMeshReduction (173)
[2019.02.13-21.30.50:964][283]LogModuleManager: Shutting down and abandoning module MaterialBaking (169)
[2019.02.13-21.30.50:964][283]LogModuleManager: Shutting down and abandoning module DirectoryWatcher (165)
[2019.02.13-21.30.50:964][283]LogModuleManager: Shutting down and abandoning module DerivedDataCache (162)
[2019.02.13-21.30.50:995][283]LogDerivedDataCache: Shutdown
[2019.02.13-21.30.50:995][283]LogModuleManager: Shutting down and abandoning module XGEController (160)
[2019.02.13-21.30.50:995][283]LogXGEController: Cleaning working directory: C:/Users/debor/AppData/Local/Temp/UnrealXGEWorkingDir/
[2019.02.13-21.30.50:995][283]LogModuleManager: Shutting down and abandoning module TargetPlatform (158)
[2019.02.13-21.30.50:995][283]LogModuleManager: Shutting down and abandoning module VulkanShaderFormat (157)
[2019.02.13-21.30.50:995][283]LogModuleManager: Shutting down and abandoning module ShaderFormatVectorVM (155)
[2019.02.13-21.30.50:995][283]LogModuleManager: Shutting down and abandoning module ShaderFormatOpenGL (153)
[2019.02.13-21.30.50:995][283]LogModuleManager: Shutting down and abandoning module ShaderFormatD3D (151)
[2019.02.13-21.30.50:995][283]LogModuleManager: Shutting down and abandoning module MetalShaderFormat (149)
[2019.02.13-21.30.50:996][283]LogModuleManager: Shutting down and abandoning module TextureFormatUncompressed (147)
[2019.02.13-21.30.50:996][283]LogModuleManager: Shutting down and abandoning module TextureFormatPVR (145)
[2019.02.13-21.30.50:996][283]LogModuleManager: Shutting down and abandoning module TextureFormatDXT (143)
[2019.02.13-21.30.50:996][283]LogModuleManager: Shutting down and abandoning module TextureFormatIntelISPCTexComp (141)
[2019.02.13-21.30.50:996][283]LogModuleManager: Shutting down and abandoning module TextureFormatASTC (139)
[2019.02.13-21.30.50:996][283]LogModuleManager: Shutting down and abandoning module ImageWrapper (138)
[2019.02.13-21.30.50:996][283]LogModuleManager: Shutting down and abandoning module TextureFormatAndroid (135)
[2019.02.13-21.30.50:996][283]LogModuleManager: Shutting down and abandoning module AudioFormatOpus (133)
[2019.02.13-21.30.50:996][283]LogModuleManager: Shutting down and abandoning module AudioFormatOgg (131)
[2019.02.13-21.30.50:996][283]LogModuleManager: Shutting down and abandoning module AudioFormatADPCM (129)
[2019.02.13-21.30.50:996][283]LogModuleManager: Shutting down and abandoning module LuminTargetPlatform (127)
[2019.02.13-21.30.50:996][283]LogModuleManager: Shutting down and abandoning module LinuxTargetPlatform (125)
[2019.02.13-21.30.50:996][283]LogModuleManager: Shutting down and abandoning module LinuxServerTargetPlatform (123)
[2019.02.13-21.30.50:996][283]LogModuleManager: Shutting down and abandoning module LinuxNoEditorTargetPlatform (121)
[2019.02.13-21.30.50:996][283]LogModuleManager: Shutting down and abandoning module LinuxClientTargetPlatform (119)
[2019.02.13-21.30.50:996][283]LogModuleManager: Shutting down and abandoning module TVOSTargetPlatform (117)
[2019.02.13-21.30.50:999][283]LogModuleManager: Shutting down and abandoning module Messaging (115)
[2019.02.13-21.30.50:999][283]LogModuleManager: Shutting down and abandoning module IOSTargetPlatform (113)
[2019.02.13-21.30.51:002][283]LogModuleManager: Shutting down and abandoning module HTML5TargetPlatform (111)
[2019.02.13-21.30.51:002][283]LogModuleManager: Shutting down and abandoning module AndroidTargetPlatform (109)
[2019.02.13-21.30.51:026][283]LogModuleManager: Shutting down and abandoning module WindowsTargetPlatform (107)
[2019.02.13-21.30.51:026][283]LogModuleManager: Shutting down and abandoning module WindowsServerTargetPlatform (105)
[2019.02.13-21.30.51:026][283]LogModuleManager: Shutting down and abandoning module WindowsNoEditorTargetPlatform (103)
[2019.02.13-21.30.51:026][283]LogModuleManager: Shutting down and abandoning module WindowsClientTargetPlatform (101)
[2019.02.13-21.30.51:026][283]LogModuleManager: Shutting down and abandoning module MacTargetPlatform (99)
[2019.02.13-21.30.51:026][283]LogModuleManager: Shutting down and abandoning module MacServerTargetPlatform (97)
[2019.02.13-21.30.51:026][283]LogModuleManager: Shutting down and abandoning module MacNoEditorTargetPlatform (95)
[2019.02.13-21.30.51:026][283]LogModuleManager: Shutting down and abandoning module MacClientTargetPlatform (93)
[2019.02.13-21.30.51:026][283]LogModuleManager: Shutting down and abandoning module AllDesktopTargetPlatform (91)
[2019.02.13-21.30.51:026][283]LogModuleManager: Shutting down and abandoning module InputCore (88)
[2019.02.13-21.30.51:026][283]LogModuleManager: Shutting down and abandoning module Settings (86)
[2019.02.13-21.30.51:026][283]LogModuleManager: Shutting down and abandoning module PhysXCooking (84)
[2019.02.13-21.30.51:026][283]LogModuleManager: Shutting down and abandoning module SteamVR (82)
[2019.02.13-21.30.51:026][283]LogModuleManager: Shutting down and abandoning module OculusHMD (80)
[2019.02.13-21.30.51:026][283]LogModuleManager: Shutting down and abandoning module ExampleDeviceProfileSelector (78)
[2019.02.13-21.30.51:026][283]LogModuleManager: Shutting down and abandoning module LauncherChunkInstaller (76)
[2019.02.13-21.30.51:026][283]LogModuleManager: Shutting down and abandoning module OnlineBlueprintSupport (74)
[2019.02.13-21.30.51:026][283]LogModuleManager: Shutting down and abandoning module OnlineSubsystem (70)
[2019.02.13-21.30.51:027][283]LogModuleManager: Shutting down and abandoning module XMPP (65)
[2019.02.13-21.30.51:027][283]LogModuleManager: Shutting down and abandoning module WebSockets (64)
[2019.02.13-21.30.51:041][283]LogModuleManager: Shutting down and abandoning module HTTP (61)
[2019.02.13-21.30.51:041][283]LogHttp: Display: Http module shutting down, but needs to wait on 1 outstanding Http requests:
[2019.02.13-21.30.51:041][283]LogHttp: Display: 	verb=[POST] url=[https://datarouter.ol.epicgames.com/datarouter/api/v1/public/data?SessionID=%7B8FD47923-483B-D91C-B180-E2AFB7DB84EB%7D&AppID=UEEditor.Rocket.Release&AppVersion=4.20.3-4369336%2B%2B%2BUE4%2BRelease-4.20&UserID=41a9ecb84256e7f047e54cb0a0ca7a4b%7C76f193d399bf46a1b76e951c51c1cc78%7C9a806876-f3b4-4aa1-8a3e-3a59f885adb4&AppEnvironment=datacollector-binary&UploadType=eteventstream] status=Processing
[2019.02.13-21.30.51:058][283]LogModuleManager: Shutting down and abandoning module SSL (60)
[2019.02.13-21.30.51:059][283]LogModuleManager: Shutting down and abandoning module MagicLeapEmulator (56)
[2019.02.13-21.30.51:059][283]LogModuleManager: Shutting down and abandoning module MagicLeapPrivileges (54)
[2019.02.13-21.30.51:059][283]LogModuleManager: Shutting down and abandoning module MagicLeapIdentity (52)
[2019.02.13-21.30.51:059][283]LogModuleManager: Shutting down and abandoning module MagicLeapHelperVulkan (50)
[2019.02.13-21.30.51:059][283]LogModuleManager: Shutting down and abandoning module MagicLeapHelperOpenGL (48)
[2019.02.13-21.30.51:059][283]LogModuleManager: Shutting down and abandoning module MagicLeapSecureStorage (46)
[2019.02.13-21.30.51:059][283]LogModuleManager: Shutting down and abandoning module MagicLeapGestures (44)
[2019.02.13-21.30.51:059][283]LogModuleManager: Shutting down and abandoning module MagicLeapEyeTracker (42)
[2019.02.13-21.30.51:059][283]LogModuleManager: Shutting down and abandoning module MagicLeapController (40)
[2019.02.13-21.30.51:059][283]LogSlate: Slate User Destroyed.  User Index 0, Is Virtual User: 0
[2019.02.13-21.30.51:059][283]LogModuleManager: Shutting down and abandoning module MagicLeap (38)
[2019.02.13-21.30.51:059][283]LogModuleManager: Shutting down and abandoning module AnimationModifiers (36)
[2019.02.13-21.30.51:059][283]LogModuleManager: Shutting down and abandoning module PropertyEditor (35)
[2019.02.13-21.30.51:059][283]LogModuleManager: Shutting down and abandoning module AudioEditor (32)
[2019.02.13-21.30.51:059][283]LogModuleManager: Shutting down and abandoning module TextureCompressor (30)
[2019.02.13-21.30.51:059][283]LogModuleManager: Shutting down and abandoning module ShaderCore (28)
[2019.02.13-21.30.51:059][283]LogModuleManager: Shutting down and abandoning module Landscape (26)
[2019.02.13-21.30.51:059][283]LogModuleManager: Shutting down and abandoning module SlateRHIRenderer (24)
[2019.02.13-21.30.51:060][283]LogModuleManager: Shutting down and abandoning module OpenGLDrv (22)
[2019.02.13-21.30.51:060][283]LogModuleManager: Shutting down and abandoning module D3D11RHI (20)
[2019.02.13-21.30.51:060][283]LogModuleManager: Shutting down and abandoning module AnimGraphRuntime (18)
[2019.02.13-21.30.51:060][283]LogModuleManager: Shutting down and abandoning module Renderer (16)
[2019.02.13-21.30.51:060][283]LogModuleManager: Shutting down and abandoning module Engine (14)
[2019.02.13-21.30.51:060][283]LogModuleManager: Shutting down and abandoning module CoreUObject (12)
[2019.02.13-21.30.51:060][283]LogModuleManager: Shutting down and abandoning module NetworkFile (10)
[2019.02.13-21.30.51:060][283]LogModuleManager: Shutting down and abandoning module CookedIterativeFile (8)
[2019.02.13-21.30.51:060][283]LogModuleManager: Shutting down and abandoning module StreamingFile (6)
[2019.02.13-21.30.51:060][283]LogModuleManager: Shutting down and abandoning module SandboxFile (4)
[2019.02.13-21.30.51:060][283]LogModuleManager: Shutting down and abandoning module PakFile (2)
[2019.02.13-21.30.51:069][283]LogExit: Exiting.
[2019.02.13-21.30.51:094][283]Log file closed, 02/13/19 14:30:51
